*** Starting uWSGI 2.0.18 (64bit) on [Thu Oct 31 14:05:26 2019] ***
compiled with version: 7.4.0 on 31 October 2019 03:30:25
os: Linux-5.0.0-32-generic #34~18.04.2-Ubuntu SMP Thu Oct 10 10:36:02 UTC 2019
nodename: alvin-VirtualBox
machine: x86_64
clock source: unix
detected number of CPU cores: 1
current working directory: /home/alvin/python/workspace/meiduo_project/meiduo_mall/meiduo_mall
writing pidfile to uwsgi.pid
detected binary path: /home/alvin/.virtualenvs/meiduo_project/bin/uwsgi
!!! no internal routing support, rebuild with pcre support !!!
chdir() to /home/alvin/python/workspace/meiduo_project/meiduo_mall
your processes number limit is 11946
your memory page size is 4096 bytes
detected max file descriptor number: 1048576
lock engine: pthread robust mutexes
thunder lock: disabled (you can enable it with --thunder-lock)
uwsgi socket 0 bound to TCP address 192.168.0.141:8001 fd 3
Python version: 3.6.8 (default, Oct  7 2019, 12:59:55)  [GCC 8.3.0]
Set PythonHome to /home/alvin/.virtualenvs/meiduo_project
Python main interpreter initialized at 0x55764fc45c30
python threads support enabled
your server socket listen backlog is limited to 100 connections
your mercy for graceful operations on workers is 60 seconds
mapped 416880 bytes (407 KB) for 8 cores
*** Operational MODE: preforking+threaded ***
*** no app loaded. going in full dynamic mode ***
*** uWSGI is running in multiple interpreter mode ***
spawned uWSGI master process (pid: 14106)
spawned uWSGI worker 1 (pid: 14107, cores: 2)
spawned uWSGI worker 2 (pid: 14108, cores: 2)
spawned uWSGI worker 3 (pid: 14109, cores: 2)
spawned uWSGI worker 4 (pid: 14110, cores: 2)
SIGINT/SIGQUIT received...killing workers...
worker 1 buried after 1 seconds
worker 2 buried after 1 seconds
worker 3 buried after 1 seconds
worker 4 buried after 1 seconds
goodbye to uWSGI.
*** Starting uWSGI 2.0.18 (64bit) on [Thu Oct 31 14:07:15 2019] ***
compiled with version: 7.4.0 on 31 October 2019 03:30:25
os: Linux-5.0.0-32-generic #34~18.04.2-Ubuntu SMP Thu Oct 10 10:36:02 UTC 2019
nodename: alvin-VirtualBox
machine: x86_64
clock source: unix
detected number of CPU cores: 1
current working directory: /home/alvin/python/workspace/meiduo_project/meiduo_mall/meiduo_mall
writing pidfile to uwsgi.pid
detected binary path: /home/alvin/.virtualenvs/meiduo_project/bin/uwsgi
!!! no internal routing support, rebuild with pcre support !!!
chdir() to /home/alvin/python/workspace/meiduo_project/meiduo_mall
your processes number limit is 11946
your memory page size is 4096 bytes
detected max file descriptor number: 1048576
lock engine: pthread robust mutexes
thunder lock: disabled (you can enable it with --thunder-lock)
uwsgi socket 0 bound to TCP address 192.168.0.141:8001 fd 3
Python version: 3.6.8 (default, Oct  7 2019, 12:59:55)  [GCC 8.3.0]
Set PythonHome to /home/alvin/.virtualenvs/meiduo_project
Python main interpreter initialized at 0x55f80bc1fc30
python threads support enabled
your server socket listen backlog is limited to 100 connections
your mercy for graceful operations on workers is 60 seconds
mapped 416880 bytes (407 KB) for 8 cores
*** Operational MODE: preforking+threaded ***
*** no app loaded. going in full dynamic mode ***
*** uWSGI is running in multiple interpreter mode ***
spawned uWSGI master process (pid: 14179)
spawned uWSGI worker 1 (pid: 14180, cores: 2)
spawned uWSGI worker 2 (pid: 14181, cores: 2)
spawned uWSGI worker 3 (pid: 14182, cores: 2)
spawned uWSGI worker 4 (pid: 14183, cores: 2)
--- no python application found, check your startup logs for errors ---
[pid: 14183|app: -1|req: -1/1] 127.0.0.1 () {46 vars in 738 bytes} [Thu Oct 31 14:57:13 2019] OPTIONS /cart/ => generated 21 bytes in 0 msecs (HTTP/1.1 500) 2 headers in 83 bytes (0 switches on core 0)
--- no python application found, check your startup logs for errors ---
[pid: 14183|app: -1|req: -1/2] 127.0.0.1 () {46 vars in 768 bytes} [Thu Oct 31 14:57:28 2019] OPTIONS /authorizations/ => generated 21 bytes in 0 msecs (HTTP/1.1 500) 2 headers in 83 bytes (0 switches on core 1)
SIGINT/SIGQUIT received...killing workers...
worker 1 buried after 1 seconds
worker 2 buried after 1 seconds
worker 3 buried after 1 seconds
worker 4 buried after 1 seconds
goodbye to uWSGI.
*** Starting uWSGI 2.0.18 (64bit) on [Thu Oct 31 15:06:22 2019] ***
compiled with version: 7.4.0 on 31 October 2019 03:30:25
os: Linux-5.0.0-32-generic #34~18.04.2-Ubuntu SMP Thu Oct 10 10:36:02 UTC 2019
nodename: alvin-VirtualBox
machine: x86_64
clock source: unix
detected number of CPU cores: 1
current working directory: /home/alvin/python/workspace/meiduo_project/meiduo_mall/meiduo_mall
writing pidfile to uwsgi.pid
detected binary path: /home/alvin/.virtualenvs/meiduo_project/bin/uwsgi
!!! no internal routing support, rebuild with pcre support !!!
chdir() to /home/alvin/python/workspace/meiduo_project/meiduo_mall
your processes number limit is 11946
your memory page size is 4096 bytes
detected max file descriptor number: 1048576
lock engine: pthread robust mutexes
thunder lock: disabled (you can enable it with --thunder-lock)
uwsgi socket 0 bound to TCP address 192.168.0.141:8001 fd 3
Python version: 3.6.8 (default, Oct  7 2019, 12:59:55)  [GCC 8.3.0]
Set PythonHome to /home/alvin/.virtualenvs/meiduo_project
Python main interpreter initialized at 0x5607f5941c30
python threads support enabled
your server socket listen backlog is limited to 100 connections
your mercy for graceful operations on workers is 60 seconds
mapped 416880 bytes (407 KB) for 8 cores
*** Operational MODE: preforking+threaded ***
*** no app loaded. going in full dynamic mode ***
*** uWSGI is running in multiple interpreter mode ***
spawned uWSGI master process (pid: 15068)
spawned uWSGI worker 1 (pid: 15069, cores: 2)
spawned uWSGI worker 2 (pid: 15070, cores: 2)
spawned uWSGI worker 3 (pid: 15071, cores: 2)
spawned uWSGI worker 4 (pid: 15072, cores: 2)
--- no python application found, check your startup logs for errors ---
[pid: 15070|app: -1|req: -1/1] 127.0.0.1 () {46 vars in 768 bytes} [Thu Oct 31 15:08:22 2019] OPTIONS /authorizations/ => generated 21 bytes in 0 msecs (HTTP/1.1 500) 2 headers in 83 bytes (0 switches on core 0)
--- no python application found, check your startup logs for errors ---
[pid: 15070|app: -1|req: -1/2] 127.0.0.1 () {46 vars in 768 bytes} [Thu Oct 31 15:09:45 2019] OPTIONS /authorizations/ => generated 21 bytes in 0 msecs (HTTP/1.1 500) 2 headers in 83 bytes (0 switches on core 1)
--- no python application found, check your startup logs for errors ---
[pid: 15070|app: -1|req: -1/3] 127.0.0.1 () {46 vars in 768 bytes} [Thu Oct 31 15:23:24 2019] OPTIONS /authorizations/ => generated 21 bytes in 0 msecs (HTTP/1.1 500) 2 headers in 83 bytes (0 switches on core 0)
invalid request block size: 21573 (max 4096)...skip
invalid request block size: 21573 (max 4096)...skip
invalid request block size: 21573 (max 4096)...skip
invalid request block size: 21573 (max 4096)...skip
invalid request block size: 21573 (max 4096)...skip
invalid request block size: 21573 (max 4096)...skip
--- no python application found, check your startup logs for errors ---
[pid: 15070|app: -1|req: -1/4] 127.0.0.1 () {46 vars in 736 bytes} [Thu Oct 31 15:31:43 2019] OPTIONS /cart/ => generated 21 bytes in 0 msecs (HTTP/1.1 500) 2 headers in 83 bytes (0 switches on core 1)
--- no python application found, check your startup logs for errors ---
[pid: 15070|app: -1|req: -1/5] 192.168.0.141 () {40 vars in 710 bytes} [Thu Oct 31 15:35:13 2019] GET / => generated 21 bytes in 0 msecs (HTTP/1.1 500) 2 headers in 83 bytes (0 switches on core 0)
--- no python application found, check your startup logs for errors ---
[pid: 15070|app: -1|req: -1/6] 192.168.0.141 () {40 vars in 660 bytes} [Thu Oct 31 15:35:13 2019] GET /favicon.ico => generated 21 bytes in 0 msecs (HTTP/1.1 500) 2 headers in 83 bytes (0 switches on core 1)
invalid request block size: 21573 (max 4096)...skip
invalid request block size: 21573 (max 4096)...skip
invalid request block size: 21573 (max 4096)...skip
invalid request block size: 21573 (max 4096)...skip
invalid request block size: 21573 (max 4096)...skip
invalid request block size: 21573 (max 4096)...skip
--- no python application found, check your startup logs for errors ---
[pid: 15070|app: -1|req: -1/7] 192.168.0.141 () {40 vars in 710 bytes} [Thu Oct 31 15:35:23 2019] GET / => generated 21 bytes in 0 msecs (HTTP/1.1 500) 2 headers in 83 bytes (0 switches on core 0)
--- no python application found, check your startup logs for errors ---
[pid: 15070|app: -1|req: -1/8] 192.168.0.141 () {40 vars in 660 bytes} [Thu Oct 31 15:35:23 2019] GET /favicon.ico => generated 21 bytes in 0 msecs (HTTP/1.1 500) 2 headers in 83 bytes (0 switches on core 1)
--- no python application found, check your startup logs for errors ---
[pid: 15070|app: -1|req: -1/9] 127.0.0.1 () {46 vars in 728 bytes} [Thu Oct 31 15:47:28 2019] OPTIONS /cart/ => generated 21 bytes in 0 msecs (HTTP/1.1 500) 2 headers in 83 bytes (0 switches on core 0)
--- no python application found, check your startup logs for errors ---
[pid: 15070|app: -1|req: -1/10] 127.0.0.1 () {46 vars in 789 bytes} [Thu Oct 31 16:22:47 2019] GET / => generated 21 bytes in 7 msecs (HTTP/1.1 500) 2 headers in 83 bytes (0 switches on core 1)
--- no python application found, check your startup logs for errors ---
[pid: 15070|app: -1|req: -1/11] 127.0.0.1 () {44 vars in 716 bytes} [Thu Oct 31 16:22:47 2019] GET /favicon.ico => generated 21 bytes in 0 msecs (HTTP/1.1 500) 2 headers in 83 bytes (0 switches on core 0)
SIGINT/SIGQUIT received...killing workers...
worker 1 buried after 1 seconds
worker 2 buried after 1 seconds
worker 3 buried after 1 seconds
worker 4 buried after 1 seconds
goodbye to uWSGI.
*** Starting uWSGI 2.0.18 (64bit) on [Thu Oct 31 16:46:53 2019] ***
compiled with version: 7.4.0 on 31 October 2019 08:44:45
os: Linux-5.0.0-32-generic #34~18.04.2-Ubuntu SMP Thu Oct 10 10:36:02 UTC 2019
nodename: alvin-VirtualBox
machine: x86_64
clock source: unix
pcre jit disabled
detected number of CPU cores: 1
current working directory: /home/alvin/python/workspace/meiduo_project/meiduo_mall/meiduo_mall
writing pidfile to uwsgi.pid
detected binary path: /home/alvin/.virtualenvs/meiduo_project/bin/uwsgi
chdir() to /home/alvin/python/workspace/meiduo_project/meiduo_mall
your processes number limit is 11946
your memory page size is 4096 bytes
detected max file descriptor number: 1048576
lock engine: pthread robust mutexes
thunder lock: disabled (you can enable it with --thunder-lock)
uwsgi socket 0 bound to TCP address 192.168.0.141:8001 fd 3
Python version: 3.6.8 (default, Oct  7 2019, 12:59:55)  [GCC 8.3.0]
Set PythonHome to /home/alvin/.virtualenvs/meiduo_project
Python main interpreter initialized at 0x5599fae2c5f0
python threads support enabled
your server socket listen backlog is limited to 100 connections
your mercy for graceful operations on workers is 60 seconds
mapped 416880 bytes (407 KB) for 8 cores
*** Operational MODE: preforking+threaded ***
*** no app loaded. going in full dynamic mode ***
*** uWSGI is running in multiple interpreter mode ***
spawned uWSGI master process (pid: 18192)
spawned uWSGI worker 1 (pid: 18193, cores: 2)
spawned uWSGI worker 2 (pid: 18194, cores: 2)
spawned uWSGI worker 3 (pid: 18195, cores: 2)
spawned uWSGI worker 4 (pid: 18196, cores: 2)
--- no python application found, check your startup logs for errors ---
[pid: 18194|app: -1|req: -1/1] 127.0.0.1 () {46 vars in 738 bytes} [Thu Oct 31 16:48:16 2019] OPTIONS /cart/ => generated 21 bytes in 10 msecs (HTTP/1.1 500) 2 headers in 83 bytes (0 switches on core 0)
--- no python application found, check your startup logs for errors ---
[pid: 18194|app: -1|req: -1/2] 127.0.0.1 () {46 vars in 768 bytes} [Thu Oct 31 16:48:41 2019] OPTIONS /authorizations/ => generated 21 bytes in 0 msecs (HTTP/1.1 500) 2 headers in 83 bytes (0 switches on core 1)
SIGINT/SIGQUIT received...killing workers...
worker 1 buried after 1 seconds
worker 2 buried after 1 seconds
worker 3 buried after 1 seconds
worker 4 buried after 1 seconds
goodbye to uWSGI.
*** Starting uWSGI 2.0.18 (64bit) on [Thu Oct 31 16:59:06 2019] ***
compiled with version: 7.4.0 on 31 October 2019 08:44:45
os: Linux-5.0.0-32-generic #34~18.04.2-Ubuntu SMP Thu Oct 10 10:36:02 UTC 2019
nodename: alvin-VirtualBox
machine: x86_64
clock source: unix
pcre jit disabled
detected number of CPU cores: 1
current working directory: /home/alvin/python/workspace/meiduo_project/meiduo_mall/meiduo_mall
writing pidfile to uwsgi.pid
detected binary path: /home/alvin/.virtualenvs/meiduo_project/bin/uwsgi
chdir() to /home/alvin/python/workspace/meiduo_project/meiduo_mall
your processes number limit is 11946
your memory page size is 4096 bytes
detected max file descriptor number: 1048576
lock engine: pthread robust mutexes
thunder lock: disabled (you can enable it with --thunder-lock)
uwsgi socket 0 bound to TCP address 192.168.0.141:8001 fd 3
Python version: 3.6.8 (default, Oct  7 2019, 12:59:55)  [GCC 8.3.0]
Set PythonHome to /home/alvin/.virtualenvs/meiduo_project
Python main interpreter initialized at 0x56407cdd46b0
python threads support enabled
your server socket listen backlog is limited to 100 connections
your mercy for graceful operations on workers is 60 seconds
mapped 416880 bytes (407 KB) for 8 cores
*** Operational MODE: preforking+threaded ***
ModuleNotFoundError: No module named '/home/alvin/python/workspace/meiduo_project/meiduo_mall/meiduo_mall'
unable to load app 0 (mountpoint='') (callable not found or import error)
*** no app loaded. going in full dynamic mode ***
*** uWSGI is running in multiple interpreter mode ***
spawned uWSGI master process (pid: 18537)
spawned uWSGI worker 1 (pid: 18538, cores: 2)
spawned uWSGI worker 2 (pid: 18539, cores: 2)
spawned uWSGI worker 3 (pid: 18540, cores: 2)
spawned uWSGI worker 4 (pid: 18541, cores: 2)
--- no python application found, check your startup logs for errors ---
[pid: 18538|app: -1|req: -1/1] 127.0.0.1 () {46 vars in 768 bytes} [Thu Oct 31 16:59:40 2019] OPTIONS /authorizations/ => generated 21 bytes in 4 msecs (HTTP/1.1 500) 2 headers in 83 bytes (0 switches on core 0)
SIGINT/SIGQUIT received...killing workers...
worker 1 buried after 1 seconds
worker 2 buried after 1 seconds
worker 3 buried after 1 seconds
worker 4 buried after 1 seconds
goodbye to uWSGI.
*** Starting uWSGI 2.0.18 (64bit) on [Thu Oct 31 17:02:00 2019] ***
compiled with version: 7.4.0 on 31 October 2019 08:44:45
os: Linux-5.0.0-32-generic #34~18.04.2-Ubuntu SMP Thu Oct 10 10:36:02 UTC 2019
nodename: alvin-VirtualBox
machine: x86_64
clock source: unix
pcre jit disabled
detected number of CPU cores: 1
current working directory: /home/alvin/python/workspace/meiduo_project/meiduo_mall/meiduo_mall
writing pidfile to uwsgi.pid
detected binary path: /home/alvin/.virtualenvs/meiduo_project/bin/uwsgi
chdir() to /home/alvin/python/workspace/meiduo_project/meiduo_mall
your processes number limit is 11946
your memory page size is 4096 bytes
detected max file descriptor number: 1048576
lock engine: pthread robust mutexes
thunder lock: disabled (you can enable it with --thunder-lock)
uwsgi socket 0 bound to TCP address 192.168.0.141:8001 fd 3
Python version: 3.6.8 (default, Oct  7 2019, 12:59:55)  [GCC 8.3.0]
Set PythonHome to /home/alvin/.virtualenvs/meiduo_project
Python main interpreter initialized at 0x564273880690
python threads support enabled
your server socket listen backlog is limited to 100 connections
your mercy for graceful operations on workers is 60 seconds
mapped 416880 bytes (407 KB) for 8 cores
*** Operational MODE: preforking+threaded ***
ModuleNotFoundError: No module named '/home/alvin/python/workspace/meiduo_project/meiduo_mall'
unable to load app 0 (mountpoint='') (callable not found or import error)
*** no app loaded. going in full dynamic mode ***
*** uWSGI is running in multiple interpreter mode ***
spawned uWSGI master process (pid: 18624)
spawned uWSGI worker 1 (pid: 18625, cores: 2)
spawned uWSGI worker 2 (pid: 18626, cores: 2)
spawned uWSGI worker 3 (pid: 18627, cores: 2)
spawned uWSGI worker 4 (pid: 18628, cores: 2)
SIGINT/SIGQUIT received...killing workers...
worker 1 buried after 1 seconds
worker 2 buried after 1 seconds
worker 3 buried after 1 seconds
worker 4 buried after 1 seconds
goodbye to uWSGI.
*** Starting uWSGI 2.0.18 (64bit) on [Thu Oct 31 17:03:35 2019] ***
compiled with version: 7.4.0 on 31 October 2019 08:44:45
os: Linux-5.0.0-32-generic #34~18.04.2-Ubuntu SMP Thu Oct 10 10:36:02 UTC 2019
nodename: alvin-VirtualBox
machine: x86_64
clock source: unix
pcre jit disabled
detected number of CPU cores: 1
current working directory: /home/alvin/python/workspace/meiduo_project/meiduo_mall/meiduo_mall
writing pidfile to uwsgi.pid
detected binary path: /home/alvin/.virtualenvs/meiduo_project/bin/uwsgi
chdir() to /home/alvin/python/workspace/meiduo_project/meiduo_mall
your processes number limit is 11946
your memory page size is 4096 bytes
detected max file descriptor number: 1048576
lock engine: pthread robust mutexes
thunder lock: disabled (you can enable it with --thunder-lock)
uwsgi socket 0 bound to TCP address 192.168.0.141:8001 fd 3
Python version: 3.6.8 (default, Oct  7 2019, 12:59:55)  [GCC 8.3.0]
Set PythonHome to /home/alvin/.virtualenvs/meiduo_project
Python main interpreter initialized at 0x55733d9ac650
python threads support enabled
your server socket listen backlog is limited to 100 connections
your mercy for graceful operations on workers is 60 seconds
mapped 416880 bytes (407 KB) for 8 cores
*** Operational MODE: preforking+threaded ***
ModuleNotFoundError: No module named 'project'
unable to load app 0 (mountpoint='') (callable not found or import error)
*** no app loaded. going in full dynamic mode ***
*** uWSGI is running in multiple interpreter mode ***
spawned uWSGI master process (pid: 18683)
spawned uWSGI worker 1 (pid: 18684, cores: 2)
spawned uWSGI worker 2 (pid: 18685, cores: 2)
spawned uWSGI worker 3 (pid: 18686, cores: 2)
spawned uWSGI worker 4 (pid: 18687, cores: 2)
SIGINT/SIGQUIT received...killing workers...
worker 1 buried after 1 seconds
worker 2 buried after 1 seconds
worker 3 buried after 1 seconds
worker 4 buried after 1 seconds
goodbye to uWSGI.
*** Starting uWSGI 2.0.18 (64bit) on [Thu Oct 31 17:04:17 2019] ***
compiled with version: 7.4.0 on 31 October 2019 08:44:45
os: Linux-5.0.0-32-generic #34~18.04.2-Ubuntu SMP Thu Oct 10 10:36:02 UTC 2019
nodename: alvin-VirtualBox
machine: x86_64
clock source: unix
pcre jit disabled
detected number of CPU cores: 1
current working directory: /home/alvin/python/workspace/meiduo_project/meiduo_mall/meiduo_mall
writing pidfile to uwsgi.pid
detected binary path: /home/alvin/.virtualenvs/meiduo_project/bin/uwsgi
chdir() to /home/alvin/python/workspace/meiduo_project/meiduo_mall
your processes number limit is 11946
your memory page size is 4096 bytes
detected max file descriptor number: 1048576
lock engine: pthread robust mutexes
thunder lock: disabled (you can enable it with --thunder-lock)
uwsgi socket 0 bound to TCP address 192.168.0.141:8001 fd 3
Python version: 3.6.8 (default, Oct  7 2019, 12:59:55)  [GCC 8.3.0]
Set PythonHome to /home/alvin/.virtualenvs/meiduo_project
Python main interpreter initialized at 0x5642cfb54650
python threads support enabled
your server socket listen backlog is limited to 100 connections
your mercy for graceful operations on workers is 60 seconds
mapped 416880 bytes (407 KB) for 8 cores
*** Operational MODE: preforking+threaded ***
WSGI app 0 (mountpoint='') ready in 3 seconds on interpreter 0x5642cfb54650 pid: 18716 (default app)
*** uWSGI is running in multiple interpreter mode ***
spawned uWSGI master process (pid: 18716)
spawned uWSGI worker 1 (pid: 18726, cores: 2)
spawned uWSGI worker 2 (pid: 18727, cores: 2)
spawned uWSGI worker 3 (pid: 18728, cores: 2)
spawned uWSGI worker 4 (pid: 18731, cores: 2)
[pid: 18731|app: 0|req: 1/1] 127.0.0.1 () {46 vars in 768 bytes} [Thu Oct 31 17:04:43 2019] OPTIONS /authorizations/ => generated 0 bytes in 3 msecs (HTTP/1.1 200) 8 headers in 425 bytes (1 switches on core 0)
[pid: 18731|app: 0|req: 2/2] 127.0.0.1 () {48 vars in 943 bytes} [Thu Oct 31 17:04:43 2019] POST /authorizations/ => generated 35 bytes in 1918 msecs (HTTP/1.1 507) 7 headers in 254 bytes (1 switches on core 1)
[pid: 18731|app: 0|req: 3/3] 127.0.0.1 () {48 vars in 943 bytes} [Thu Oct 31 17:05:25 2019] POST /authorizations/ => generated 35 bytes in 9 msecs (HTTP/1.1 507) 7 headers in 254 bytes (1 switches on core 0)
SIGINT/SIGQUIT received...killing workers...
worker 1 buried after 1 seconds
worker 2 buried after 1 seconds
worker 3 buried after 1 seconds
worker 4 buried after 1 seconds
goodbye to uWSGI.
*** Starting uWSGI 2.0.18 (64bit) on [Fri Nov  1 10:18:35 2019] ***
compiled with version: 7.4.0 on 31 October 2019 08:44:45
os: Linux-5.0.0-32-generic #34~18.04.2-Ubuntu SMP Thu Oct 10 10:36:02 UTC 2019
nodename: alvin-VirtualBox
machine: x86_64
clock source: unix
pcre jit disabled
detected number of CPU cores: 1
current working directory: /home/alvin/python/workspace/meiduo_project/meiduo_mall/meiduo_mall
writing pidfile to uwsgi.pid
detected binary path: /home/alvin/.virtualenvs/meiduo_project/bin/uwsgi
chdir() to /home/alvin/python/workspace/meiduo_project/meiduo_mall
your processes number limit is 11946
your memory page size is 4096 bytes
detected max file descriptor number: 1048576
lock engine: pthread robust mutexes
thunder lock: disabled (you can enable it with --thunder-lock)
uwsgi socket 0 bound to TCP address 192.168.0.141:8001 fd 3
Python version: 3.6.8 (default, Oct  7 2019, 12:59:55)  [GCC 8.3.0]
Set PythonHome to /home/alvin/.virtualenvs/meiduo_project
Python main interpreter initialized at 0x55c16b2c2660
python threads support enabled
your server socket listen backlog is limited to 100 connections
your mercy for graceful operations on workers is 60 seconds
mapped 416880 bytes (407 KB) for 8 cores
*** Operational MODE: preforking+threaded ***
WSGI app 0 (mountpoint='') ready in 4 seconds on interpreter 0x55c16b2c2660 pid: 8193 (default app)
*** uWSGI is running in multiple interpreter mode ***
spawned uWSGI master process (pid: 8193)
spawned uWSGI worker 1 (pid: 8200, cores: 2)
spawned uWSGI worker 2 (pid: 8201, cores: 2)
spawned uWSGI worker 3 (pid: 8202, cores: 2)
spawned uWSGI worker 4 (pid: 8204, cores: 2)
SIGINT/SIGQUIT received...killing workers...
Fri Nov  1 10:22:30 2019 - worker 1 (pid: 8200) is taking too much time to die...NO MERCY !!!
Fri Nov  1 10:22:30 2019 - worker 2 (pid: 8201) is taking too much time to die...NO MERCY !!!
Fri Nov  1 10:22:30 2019 - worker 3 (pid: 8202) is taking too much time to die...NO MERCY !!!
Fri Nov  1 10:22:30 2019 - worker 4 (pid: 8204) is taking too much time to die...NO MERCY !!!
worker 1 buried after 1 seconds
worker 2 buried after 1 seconds
worker 3 buried after 1 seconds
worker 4 buried after 1 seconds
goodbye to uWSGI.
*** Starting uWSGI 2.0.18 (64bit) on [Fri Nov  1 10:22:41 2019] ***
compiled with version: 7.4.0 on 31 October 2019 08:44:45
os: Linux-5.0.0-32-generic #34~18.04.2-Ubuntu SMP Thu Oct 10 10:36:02 UTC 2019
nodename: alvin-VirtualBox
machine: x86_64
clock source: unix
pcre jit disabled
detected number of CPU cores: 1
current working directory: /home/alvin/python/workspace/meiduo_project/meiduo_mall/meiduo_mall
writing pidfile to uwsgi.pid
detected binary path: /home/alvin/.virtualenvs/meiduo_project/bin/uwsgi
chdir() to /home/alvin/python/workspace/meiduo_project/meiduo_mall
your processes number limit is 11946
your memory page size is 4096 bytes
detected max file descriptor number: 1048576
lock engine: pthread robust mutexes
thunder lock: disabled (you can enable it with --thunder-lock)
uwsgi socket 0 bound to TCP address 192.168.0.141:8001 fd 3
Python version: 3.6.8 (default, Oct  7 2019, 12:59:55)  [GCC 8.3.0]
Set PythonHome to /home/alvin/.virtualenvs/meiduo_project
Python main interpreter initialized at 0x560fc3369640
python threads support enabled
your server socket listen backlog is limited to 100 connections
your mercy for graceful operations on workers is 60 seconds
mapped 416880 bytes (407 KB) for 8 cores
*** Operational MODE: preforking+threaded ***
*** no app loaded. going in full dynamic mode ***
*** uWSGI is running in multiple interpreter mode ***
spawned uWSGI master process (pid: 8313)
spawned uWSGI worker 1 (pid: 8314, cores: 2)
spawned uWSGI worker 2 (pid: 8315, cores: 2)
spawned uWSGI worker 3 (pid: 8316, cores: 2)
spawned uWSGI worker 4 (pid: 8317, cores: 2)
--- no python application found, check your startup logs for errors ---
[pid: 8314|app: -1|req: -1/1] 127.0.0.1 () {46 vars in 738 bytes} [Fri Nov  1 10:24:03 2019] OPTIONS /cart/ => generated 21 bytes in 9 msecs (HTTP/1.1 500) 2 headers in 83 bytes (0 switches on core 0)
--- no python application found, check your startup logs for errors ---
[pid: 8314|app: -1|req: -1/2] 127.0.0.1 () {46 vars in 738 bytes} [Fri Nov  1 10:24:40 2019] OPTIONS /cart/ => generated 21 bytes in 0 msecs (HTTP/1.1 500) 2 headers in 83 bytes (0 switches on core 1)
SIGINT/SIGQUIT received...killing workers...
worker 1 buried after 1 seconds
worker 2 buried after 1 seconds
worker 3 buried after 1 seconds
worker 4 buried after 1 seconds
goodbye to uWSGI.
*** Starting uWSGI 2.0.18 (64bit) on [Fri Nov  1 10:24:50 2019] ***
compiled with version: 7.4.0 on 31 October 2019 08:44:45
os: Linux-5.0.0-32-generic #34~18.04.2-Ubuntu SMP Thu Oct 10 10:36:02 UTC 2019
nodename: alvin-VirtualBox
machine: x86_64
clock source: unix
pcre jit disabled
detected number of CPU cores: 1
current working directory: /home/alvin/python/workspace/meiduo_project/meiduo_mall/meiduo_mall
writing pidfile to uwsgi.pid
detected binary path: /home/alvin/.virtualenvs/meiduo_project/bin/uwsgi
chdir() to /home/alvin/python/workspace/meiduo_project/meiduo_mall
your processes number limit is 11946
your memory page size is 4096 bytes
detected max file descriptor number: 1048576
lock engine: pthread robust mutexes
thunder lock: disabled (you can enable it with --thunder-lock)
uwsgi socket 0 bound to TCP address 192.168.0.141:8001 fd 3
Python version: 3.6.8 (default, Oct  7 2019, 12:59:55)  [GCC 8.3.0]
Set PythonHome to /home/alvin/.virtualenvs/meiduo_project
Python main interpreter initialized at 0x55619b230660
python threads support enabled
your server socket listen backlog is limited to 100 connections
your mercy for graceful operations on workers is 60 seconds
mapped 416880 bytes (407 KB) for 8 cores
*** Operational MODE: preforking+threaded ***
WSGI app 0 (mountpoint='') ready in 3 seconds on interpreter 0x55619b230660 pid: 8490 (default app)
*** uWSGI is running in multiple interpreter mode ***
spawned uWSGI master process (pid: 8490)
spawned uWSGI worker 1 (pid: 8492, cores: 2)
spawned uWSGI worker 2 (pid: 8493, cores: 2)
spawned uWSGI worker 3 (pid: 8494, cores: 2)
spawned uWSGI worker 4 (pid: 8495, cores: 2)
[pid: 8495|app: 0|req: 1/1] 127.0.0.1 () {46 vars in 738 bytes} [Fri Nov  1 10:25:20 2019] OPTIONS /cart/ => generated 0 bytes in 40 msecs (HTTP/1.1 200) 8 headers in 425 bytes (1 switches on core 0)
None
[pid: 8495|app: 0|req: 2/2] 127.0.0.1 () {46 vars in 839 bytes} [Fri Nov  1 10:25:20 2019] GET /cart/ => generated 2 bytes in 3502 msecs (HTTP/1.1 200) 7 headers in 259 bytes (1 switches on core 1)
[pid: 8493|app: 0|req: 1/3] 127.0.0.1 () {46 vars in 768 bytes} [Fri Nov  1 10:25:39 2019] OPTIONS /authorizations/ => generated 0 bytes in 33 msecs (HTTP/1.1 200) 8 headers in 425 bytes (1 switches on core 0)
[pid: 8493|app: 0|req: 2/4] 127.0.0.1 () {48 vars in 943 bytes} [Fri Nov  1 10:25:39 2019] POST /authorizations/ => generated 35 bytes in 2390 msecs (HTTP/1.1 507) 7 headers in 254 bytes (1 switches on core 1)
*** Starting uWSGI 2.0.18 (64bit) on [Fri Nov  1 10:51:27 2019] ***
compiled with version: 7.4.0 on 31 October 2019 08:44:45
os: Linux-5.0.0-32-generic #34~18.04.2-Ubuntu SMP Thu Oct 10 10:36:02 UTC 2019
nodename: alvin-VirtualBox
machine: x86_64
clock source: unix
pcre jit disabled
detected number of CPU cores: 1
current working directory: /home/alvin/python/workspace/meiduo_project/meiduo_mall/meiduo_mall
writing pidfile to uwsgi.pid
detected binary path: /home/alvin/.virtualenvs/meiduo_project/bin/uwsgi
chdir() to /home/alvin/python/workspace/meiduo_project/meiduo_mall
your processes number limit is 11946
your memory page size is 4096 bytes
detected max file descriptor number: 1048576
lock engine: pthread robust mutexes
thunder lock: disabled (you can enable it with --thunder-lock)
uwsgi socket 0 bound to TCP address 192.168.0.141:8001 fd 3
Python version: 3.6.8 (default, Oct  7 2019, 12:59:55)  [GCC 8.3.0]
Set PythonHome to /home/alvin/.virtualenvs/meiduo_project
Python main interpreter initialized at 0x561e9cdf9660
python threads support enabled
your server socket listen backlog is limited to 100 connections
your mercy for graceful operations on workers is 60 seconds
mapped 416880 bytes (407 KB) for 8 cores
*** Operational MODE: preforking+threaded ***
WSGI app 0 (mountpoint='') ready in 2 seconds on interpreter 0x561e9cdf9660 pid: 3654 (default app)
*** uWSGI is running in multiple interpreter mode ***
spawned uWSGI master process (pid: 3654)
spawned uWSGI worker 1 (pid: 3656, cores: 2)
spawned uWSGI worker 2 (pid: 3657, cores: 2)
spawned uWSGI worker 3 (pid: 3658, cores: 2)
spawned uWSGI worker 4 (pid: 3660, cores: 2)
[pid: 3660|app: 0|req: 1/1] 127.0.0.1 () {46 vars in 738 bytes} [Fri Nov  1 10:51:46 2019] OPTIONS /cart/ => generated 0 bytes in 11 msecs (HTTP/1.1 200) 8 headers in 425 bytes (1 switches on core 0)
None
[pid: 3660|app: 0|req: 2/2] 127.0.0.1 () {46 vars in 839 bytes} [Fri Nov  1 10:51:46 2019] GET /cart/ => generated 2 bytes in 3320 msecs (HTTP/1.1 200) 7 headers in 259 bytes (1 switches on core 1)
[pid: 3660|app: 0|req: 4/3] 127.0.0.1 () {42 vars in 799 bytes} [Fri Nov  1 10:52:02 2019] GET /categories/115/skus/?page=1&page_size=5&ordering=-create_time => generated 35 bytes in 31 msecs (HTTP/1.1 507) 7 headers in 267 bytes (1 switches on core 0)
[pid: 3660|app: 0|req: 4/4] 127.0.0.1 () {42 vars in 724 bytes} [Fri Nov  1 10:52:02 2019] GET /categories/115/hotskus/ => generated 35 bytes in 21 msecs (HTTP/1.1 507) 7 headers in 267 bytes (1 switches on core 1)
SIGINT/SIGQUIT received...killing workers...
worker 1 buried after 1 seconds
worker 2 buried after 1 seconds
worker 3 buried after 1 seconds
worker 4 buried after 1 seconds
goodbye to uWSGI.
*** Starting uWSGI 2.0.18 (64bit) on [Fri Nov  1 10:53:07 2019] ***
compiled with version: 7.4.0 on 31 October 2019 08:44:45
os: Linux-5.0.0-32-generic #34~18.04.2-Ubuntu SMP Thu Oct 10 10:36:02 UTC 2019
nodename: alvin-VirtualBox
machine: x86_64
clock source: unix
pcre jit disabled
detected number of CPU cores: 1
current working directory: /home/alvin/python/workspace/meiduo_project/meiduo_mall/meiduo_mall
writing pidfile to uwsgi.pid
detected binary path: /home/alvin/.virtualenvs/meiduo_project/bin/uwsgi
chdir() to /home/alvin/python/workspace/meiduo_project/meiduo_mall
your processes number limit is 11946
your memory page size is 4096 bytes
detected max file descriptor number: 1048576
lock engine: pthread robust mutexes
thunder lock: disabled (you can enable it with --thunder-lock)
uwsgi socket 0 bound to TCP address 192.168.0.141:8001 fd 3
Python version: 3.6.8 (default, Oct  7 2019, 12:59:55)  [GCC 8.3.0]
Set PythonHome to /home/alvin/.virtualenvs/meiduo_project
Python main interpreter initialized at 0x55c0cd785640
python threads support enabled
your server socket listen backlog is limited to 100 connections
your mercy for graceful operations on workers is 60 seconds
mapped 416880 bytes (407 KB) for 8 cores
*** Operational MODE: preforking+threaded ***
*** no app loaded. going in full dynamic mode ***
*** uWSGI is running in multiple interpreter mode ***
spawned uWSGI master process (pid: 3707)
spawned uWSGI worker 1 (pid: 3708, cores: 2)
spawned uWSGI worker 2 (pid: 3709, cores: 2)
spawned uWSGI worker 3 (pid: 3710, cores: 2)
spawned uWSGI worker 4 (pid: 3711, cores: 2)
SIGINT/SIGQUIT received...killing workers...
worker 1 buried after 1 seconds
worker 2 buried after 1 seconds
worker 3 buried after 1 seconds
worker 4 buried after 1 seconds
goodbye to uWSGI.
*** Starting uWSGI 2.0.18 (64bit) on [Fri Nov  1 10:59:22 2019] ***
compiled with version: 7.4.0 on 31 October 2019 08:44:45
os: Linux-5.0.0-32-generic #34~18.04.2-Ubuntu SMP Thu Oct 10 10:36:02 UTC 2019
nodename: alvin-VirtualBox
machine: x86_64
clock source: unix
pcre jit disabled
detected number of CPU cores: 1
current working directory: /home/alvin/python/workspace/meiduo_project/meiduo_mall/meiduo_mall
writing pidfile to uwsgi.pid
detected binary path: /home/alvin/.virtualenvs/meiduo_project/bin/uwsgi
chdir() to /home/alvin/python/workspace/meiduo_project/meiduo_mall
your processes number limit is 11946
your memory page size is 4096 bytes
detected max file descriptor number: 1048576
lock engine: pthread robust mutexes
thunder lock: disabled (you can enable it with --thunder-lock)
uwsgi socket 0 bound to TCP address 192.168.0.141:8001 fd 3
Python version: 3.6.8 (default, Oct  7 2019, 12:59:55)  [GCC 8.3.0]
Set PythonHome to /home/alvin/.virtualenvs/meiduo_project
Python main interpreter initialized at 0x560c41632660
python threads support enabled
your server socket listen backlog is limited to 100 connections
your mercy for graceful operations on workers is 60 seconds
mapped 416880 bytes (407 KB) for 8 cores
*** Operational MODE: preforking+threaded ***
*** no app loaded. going in full dynamic mode ***
*** uWSGI is running in multiple interpreter mode ***
spawned uWSGI master process (pid: 3897)
spawned uWSGI worker 1 (pid: 3898, cores: 2)
spawned uWSGI worker 2 (pid: 3899, cores: 2)
spawned uWSGI worker 3 (pid: 3900, cores: 2)
spawned uWSGI worker 4 (pid: 3901, cores: 2)
SIGINT/SIGQUIT received...killing workers...
worker 1 buried after 1 seconds
worker 2 buried after 1 seconds
worker 3 buried after 1 seconds
worker 4 buried after 1 seconds
goodbye to uWSGI.
*** Starting uWSGI 2.0.18 (64bit) on [Fri Nov  1 11:04:24 2019] ***
compiled with version: 7.4.0 on 31 October 2019 03:30:25
os: Linux-5.0.0-32-generic #34~18.04.2-Ubuntu SMP Thu Oct 10 10:36:02 UTC 2019
nodename: alvin-VirtualBox
machine: x86_64
clock source: unix
detected number of CPU cores: 1
current working directory: /home/alvin/python/workspace/meiduo_project/meiduo_mall/meiduo_mall
writing pidfile to uwsgi.pid
detected binary path: /home/alvin/.virtualenvs/meiduo_project/bin/uwsgi
!!! no internal routing support, rebuild with pcre support !!!
chdir() to /home/alvin/python/workspace/meiduo_project/meiduo_mall
your processes number limit is 11946
your memory page size is 4096 bytes
detected max file descriptor number: 1048576
lock engine: pthread robust mutexes
thunder lock: disabled (you can enable it with --thunder-lock)
uwsgi socket 0 bound to TCP address 192.168.0.141:8001 fd 3
Python version: 3.6.8 (default, Oct  7 2019, 12:59:55)  [GCC 8.3.0]
Set PythonHome to /home/alvin/.virtualenvs/meiduo_project
Python main interpreter initialized at 0x55c416374c60
python threads support enabled
your server socket listen backlog is limited to 100 connections
your mercy for graceful operations on workers is 60 seconds
mapped 416880 bytes (407 KB) for 8 cores
*** Operational MODE: preforking+threaded ***
*** no app loaded. going in full dynamic mode ***
*** uWSGI is running in multiple interpreter mode ***
spawned uWSGI master process (pid: 4120)
spawned uWSGI worker 1 (pid: 4121, cores: 2)
spawned uWSGI worker 2 (pid: 4122, cores: 2)
spawned uWSGI worker 3 (pid: 4123, cores: 2)
spawned uWSGI worker 4 (pid: 4124, cores: 2)
SIGINT/SIGQUIT received...killing workers...
worker 1 buried after 1 seconds
worker 2 buried after 1 seconds
worker 3 buried after 1 seconds
worker 4 buried after 1 seconds
goodbye to uWSGI.
*** Starting uWSGI 2.0.18 (64bit) on [Fri Nov  1 11:10:09 2019] ***
compiled with version: 7.4.0 on 31 October 2019 03:30:25
os: Linux-5.0.0-32-generic #34~18.04.2-Ubuntu SMP Thu Oct 10 10:36:02 UTC 2019
nodename: alvin-VirtualBox
machine: x86_64
clock source: unix
detected number of CPU cores: 1
current working directory: /home/alvin/python/workspace/meiduo_project/meiduo_mall/meiduo_mall
writing pidfile to uwsgi.pid
detected binary path: /home/alvin/.virtualenvs/meiduo_project/bin/uwsgi
!!! no internal routing support, rebuild with pcre support !!!
chdir() to /home/alvin/python/workspace/meiduo_project/meiduo_mall
your processes number limit is 11946
your memory page size is 4096 bytes
detected max file descriptor number: 1048576
lock engine: pthread robust mutexes
thunder lock: disabled (you can enable it with --thunder-lock)
uwsgi socket 0 bound to TCP address 192.168.0.141:8001 fd 3
Python version: 3.6.8 (default, Oct  7 2019, 12:59:55)  [GCC 8.3.0]
Set PythonHome to /home/alvin/.virtualenvs/meiduo_project
Python main interpreter initialized at 0x555932976c60
python threads support enabled
your server socket listen backlog is limited to 100 connections
your mercy for graceful operations on workers is 60 seconds
mapped 416880 bytes (407 KB) for 8 cores
*** Operational MODE: preforking+threaded ***
WSGI app 0 (mountpoint='') ready in 1 seconds on interpreter 0x555932976c60 pid: 4378 (default app)
*** uWSGI is running in multiple interpreter mode ***
spawned uWSGI master process (pid: 4378)
spawned uWSGI worker 1 (pid: 4380, cores: 2)
spawned uWSGI worker 2 (pid: 4381, cores: 2)
spawned uWSGI worker 3 (pid: 4382, cores: 2)
spawned uWSGI worker 4 (pid: 4383, cores: 2)
None
[pid: 4383|app: 0|req: 1/1] 127.0.0.1 () {46 vars in 849 bytes} [Fri Nov  1 11:11:20 2019] GET /cart/ => generated 2 bytes in 1870 msecs (HTTP/1.1 200) 7 headers in 259 bytes (1 switches on core 0)
[pid: 4383|app: 0|req: 3/2] 127.0.0.1 () {42 vars in 724 bytes} [Fri Nov  1 11:11:25 2019] GET /categories/115/hotskus/ => generated 35 bytes in 27 msecs (HTTP/1.1 507) 7 headers in 267 bytes (1 switches on core 0)
[pid: 4383|app: 0|req: 3/3] 127.0.0.1 () {42 vars in 799 bytes} [Fri Nov  1 11:11:25 2019] GET /categories/115/skus/?page=1&page_size=5&ordering=-create_time => generated 35 bytes in 38 msecs (HTTP/1.1 507) 7 headers in 267 bytes (1 switches on core 1)
[pid: 4383|app: 0|req: 4/4] 127.0.0.1 () {46 vars in 768 bytes} [Fri Nov  1 11:12:05 2019] OPTIONS /authorizations/ => generated 0 bytes in 0 msecs (HTTP/1.1 200) 8 headers in 425 bytes (1 switches on core 0)
[pid: 4380|app: 0|req: 1/5] 127.0.0.1 () {48 vars in 943 bytes} [Fri Nov  1 11:12:05 2019] POST /authorizations/ => generated 35 bytes in 1311 msecs (HTTP/1.1 507) 7 headers in 254 bytes (1 switches on core 0)
SIGINT/SIGQUIT received...killing workers...
*** Starting uWSGI 2.0.18 (64bit) on [Fri Nov  1 11:17:55 2019] ***
compiled with version: 7.4.0 on 31 October 2019 03:30:25
os: Linux-5.0.0-32-generic #34~18.04.2-Ubuntu SMP Thu Oct 10 10:36:02 UTC 2019
nodename: alvin-VirtualBox
machine: x86_64
clock source: unix
detected number of CPU cores: 1
current working directory: /home/alvin/python/workspace/meiduo_project/meiduo_mall/meiduo_mall
writing pidfile to uwsgi.pid
detected binary path: /home/alvin/.virtualenvs/meiduo_project/bin/uwsgi
!!! no internal routing support, rebuild with pcre support !!!
chdir() to /home/alvin/python/workspace/meiduo_project/meiduo_mall
your processes number limit is 11946
your memory page size is 4096 bytes
detected max file descriptor number: 1048576
lock engine: pthread robust mutexes
thunder lock: disabled (you can enable it with --thunder-lock)
probably another instance of uWSGI is running on the same address (192.168.0.141:8001).
bind(): Address already in use [core/socket.c line 769]
worker 1 buried after 2 seconds
worker 2 buried after 2 seconds
worker 3 buried after 2 seconds
worker 4 buried after 2 seconds
goodbye to uWSGI.
*** Starting uWSGI 2.0.18 (64bit) on [Fri Nov  1 11:19:16 2019] ***
compiled with version: 7.4.0 on 31 October 2019 03:30:25
os: Linux-5.0.0-32-generic #34~18.04.2-Ubuntu SMP Thu Oct 10 10:36:02 UTC 2019
nodename: alvin-VirtualBox
machine: x86_64
clock source: unix
detected number of CPU cores: 1
current working directory: /home/alvin/python/workspace/meiduo_project/meiduo_mall/meiduo_mall
writing pidfile to uwsgi.pid
detected binary path: /home/alvin/.virtualenvs/meiduo_project/bin/uwsgi
!!! no internal routing support, rebuild with pcre support !!!
chdir() to /home/alvin/python/workspace/meiduo_project/meiduo_mall
your processes number limit is 11946
your memory page size is 4096 bytes
detected max file descriptor number: 1048576
lock engine: pthread robust mutexes
thunder lock: disabled (you can enable it with --thunder-lock)
uwsgi socket 0 bound to TCP address 192.168.0.141:8001 fd 3
Python version: 3.6.8 (default, Oct  7 2019, 12:59:55)  [GCC 8.3.0]
Set PythonHome to /home/alvin/.virtualenvs/meiduo_project
Python main interpreter initialized at 0x55846d2ffc60
python threads support enabled
your server socket listen backlog is limited to 100 connections
your mercy for graceful operations on workers is 60 seconds
mapped 416880 bytes (407 KB) for 8 cores
*** Operational MODE: preforking+threaded ***
WSGI app 0 (mountpoint='') ready in 2 seconds on interpreter 0x55846d2ffc60 pid: 5217 (default app)
*** uWSGI is running in multiple interpreter mode ***
spawned uWSGI master process (pid: 5217)
spawned uWSGI worker 1 (pid: 5219, cores: 2)
spawned uWSGI worker 2 (pid: 5220, cores: 2)
spawned uWSGI worker 3 (pid: 5221, cores: 2)
spawned uWSGI worker 4 (pid: 5222, cores: 2)
None
[pid: 5222|app: 0|req: 1/1] 127.0.0.1 () {46 vars in 849 bytes} [Fri Nov  1 11:19:34 2019] GET /cart/ => generated 2 bytes in 2248 msecs (HTTP/1.1 200) 7 headers in 259 bytes (1 switches on core 0)
[pid: 5222|app: 0|req: 2/2] 127.0.0.1 () {42 vars in 802 bytes} [Fri Nov  1 11:19:56 2019] GET /skus/search/?text=%E6%89%8B%E6%9C%BA&page=1&page_size=6 => generated 2492 bytes in 2546 msecs (HTTP/1.1 200) 7 headers in 251 bytes (1 switches on core 1)
[pid: 5222|app: 0|req: 3/3] 127.0.0.1 () {48 vars in 943 bytes} [Fri Nov  1 11:20:44 2019] POST /authorizations/ => generated 35 bytes in 16 msecs (HTTP/1.1 507) 7 headers in 254 bytes (1 switches on core 0)
SIGINT/SIGQUIT received...killing workers...
worker 3 buried after 1 seconds
*** Starting uWSGI 2.0.18 (64bit) on [Fri Nov  1 11:27:37 2019] ***
compiled with version: 7.4.0 on 31 October 2019 03:30:25
os: Linux-5.0.0-32-generic #34~18.04.2-Ubuntu SMP Thu Oct 10 10:36:02 UTC 2019
nodename: alvin-VirtualBox
machine: x86_64
clock source: unix
detected number of CPU cores: 1
current working directory: /home/alvin/python/workspace/meiduo_project/meiduo_mall/meiduo_mall
writing pidfile to uwsgi.pid
detected binary path: /home/alvin/.virtualenvs/meiduo_project/bin/uwsgi
!!! no internal routing support, rebuild with pcre support !!!
chdir() to /home/alvin/python/workspace/meiduo_project/meiduo_mall
your processes number limit is 11946
your memory page size is 4096 bytes
detected max file descriptor number: 1048576
lock engine: pthread robust mutexes
thunder lock: disabled (you can enable it with --thunder-lock)
probably another instance of uWSGI is running on the same address (192.168.0.141:8001).
bind(): Address already in use [core/socket.c line 769]
worker 1 buried after 2 seconds
worker 2 buried after 2 seconds
worker 4 buried after 2 seconds
goodbye to uWSGI.
*** Starting uWSGI 2.0.18 (64bit) on [Fri Nov  1 11:27:49 2019] ***
compiled with version: 7.4.0 on 31 October 2019 03:30:25
os: Linux-5.0.0-32-generic #34~18.04.2-Ubuntu SMP Thu Oct 10 10:36:02 UTC 2019
nodename: alvin-VirtualBox
machine: x86_64
clock source: unix
detected number of CPU cores: 1
current working directory: /home/alvin/python/workspace/meiduo_project/meiduo_mall/meiduo_mall
writing pidfile to uwsgi.pid
detected binary path: /home/alvin/.virtualenvs/meiduo_project/bin/uwsgi
!!! no internal routing support, rebuild with pcre support !!!
chdir() to /home/alvin/python/workspace/meiduo_project/meiduo_mall
your processes number limit is 11946
your memory page size is 4096 bytes
detected max file descriptor number: 1048576
lock engine: pthread robust mutexes
thunder lock: disabled (you can enable it with --thunder-lock)
uwsgi socket 0 bound to TCP address 192.168.0.141:8001 fd 3
Python version: 3.6.8 (default, Oct  7 2019, 12:59:55)  [GCC 8.3.0]
Set PythonHome to /home/alvin/.virtualenvs/meiduo_project
Python main interpreter initialized at 0x5633787d2c60
python threads support enabled
your server socket listen backlog is limited to 100 connections
your mercy for graceful operations on workers is 60 seconds
mapped 416880 bytes (407 KB) for 8 cores
*** Operational MODE: preforking+threaded ***
WSGI app 0 (mountpoint='') ready in 1 seconds on interpreter 0x5633787d2c60 pid: 5386 (default app)
*** uWSGI is running in multiple interpreter mode ***
spawned uWSGI master process (pid: 5386)
spawned uWSGI worker 1 (pid: 5388, cores: 2)
spawned uWSGI worker 2 (pid: 5389, cores: 2)
spawned uWSGI worker 3 (pid: 5390, cores: 2)
spawned uWSGI worker 4 (pid: 5391, cores: 2)
[pid: 5390|app: 0|req: 1/1] 127.0.0.1 () {48 vars in 943 bytes} [Fri Nov  1 11:28:20 2019] POST /authorizations/ => generated 35 bytes in 1498 msecs (HTTP/1.1 507) 7 headers in 254 bytes (1 switches on core 0)
None
[pid: 5390|app: 0|req: 2/2] 127.0.0.1 () {46 vars in 849 bytes} [Fri Nov  1 11:29:28 2019] GET /cart/ => generated 2 bytes in 46 msecs (HTTP/1.1 200) 7 headers in 259 bytes (1 switches on core 1)
[pid: 5390|app: 0|req: 4/3] 127.0.0.1 () {42 vars in 724 bytes} [Fri Nov  1 11:29:31 2019] GET /categories/115/hotskus/ => generated 35 bytes in 20 msecs (HTTP/1.1 507) 7 headers in 267 bytes (1 switches on core 1)
[pid: 5390|app: 0|req: 4/4] 127.0.0.1 () {42 vars in 799 bytes} [Fri Nov  1 11:29:31 2019] GET /categories/115/skus/?page=1&page_size=5&ordering=-create_time => generated 35 bytes in 34 msecs (HTTP/1.1 507) 7 headers in 267 bytes (1 switches on core 0)
None
[pid: 5390|app: 0|req: 5/5] 127.0.0.1 () {46 vars in 849 bytes} [Fri Nov  1 11:30:09 2019] GET /cart/ => generated 2 bytes in 3 msecs (HTTP/1.1 200) 7 headers in 259 bytes (1 switches on core 1)
[pid: 5390|app: 0|req: 6/6] 127.0.0.1 () {42 vars in 802 bytes} [Fri Nov  1 11:30:12 2019] GET /skus/search/?text=%E6%89%8B%E6%9C%BA&page=1&page_size=6 => generated 2492 bytes in 398 msecs (HTTP/1.1 200) 7 headers in 251 bytes (1 switches on core 0)
[pid: 5390|app: 0|req: 7/7] 127.0.0.1 () {42 vars in 802 bytes} [Fri Nov  1 11:30:16 2019] GET /skus/search/?text=%E7%94%B5%E8%84%91&page=1&page_size=6 => generated 52 bytes in 194 msecs (HTTP/1.1 200) 7 headers in 249 bytes (1 switches on core 1)
[pid: 5390|app: 0|req: 8/8] 127.0.0.1 () {42 vars in 802 bytes} [Fri Nov  1 11:30:19 2019] GET /skus/search/?text=%E6%89%8B%E6%9C%BA&page=1&page_size=6 => generated 2492 bytes in 147 msecs (HTTP/1.1 200) 7 headers in 251 bytes (1 switches on core 0)
SIGINT/SIGQUIT received...killing workers...
worker 1 buried after 1 seconds
worker 2 buried after 1 seconds
worker 3 buried after 1 seconds
worker 4 buried after 1 seconds
goodbye to uWSGI.
*** Starting uWSGI 2.0.18 (64bit) on [Fri Nov  1 11:47:50 2019] ***
compiled with version: 7.4.0 on 31 October 2019 03:30:25
os: Linux-5.0.0-32-generic #34~18.04.2-Ubuntu SMP Thu Oct 10 10:36:02 UTC 2019
nodename: alvin-VirtualBox
machine: x86_64
clock source: unix
detected number of CPU cores: 1
current working directory: /home/alvin/python/workspace/meiduo_project/meiduo_mall/meiduo_mall
writing pidfile to uwsgi.pid
detected binary path: /home/alvin/.virtualenvs/meiduo_project/bin/uwsgi
!!! no internal routing support, rebuild with pcre support !!!
chdir() to /home/alvin/python/workspace/meiduo_project/meiduo_mall
your processes number limit is 11946
your memory page size is 4096 bytes
detected max file descriptor number: 1048576
lock engine: pthread robust mutexes
thunder lock: disabled (you can enable it with --thunder-lock)
uwsgi socket 0 bound to TCP address 192.168.0.141:8001 fd 3
Python version: 3.6.8 (default, Oct  7 2019, 12:59:55)  [GCC 8.3.0]
Set PythonHome to /home/alvin/.virtualenvs/meiduo_project
Python main interpreter initialized at 0x5601f6507c50
python threads support enabled
your server socket listen backlog is limited to 100 connections
your mercy for graceful operations on workers is 60 seconds
mapped 416880 bytes (407 KB) for 8 cores
*** Operational MODE: preforking+threaded ***
WSGI app 0 (mountpoint='') ready in 2 seconds on interpreter 0x5601f6507c50 pid: 6159 (default app)
*** uWSGI is running in multiple interpreter mode ***
spawned uWSGI master process (pid: 6159)
spawned uWSGI worker 1 (pid: 6161, cores: 2)
spawned uWSGI worker 2 (pid: 6162, cores: 2)
spawned uWSGI worker 3 (pid: 6163, cores: 2)
spawned uWSGI worker 4 (pid: 6164, cores: 2)
None
[pid: 6164|app: 0|req: 1/1] 127.0.0.1 () {44 vars in 718 bytes} [Fri Nov  1 11:48:06 2019] GET /cart/ => generated 2 bytes in 2017 msecs (HTTP/1.1 200) 7 headers in 260 bytes (1 switches on core 0)
None
[pid: 6164|app: 0|req: 2/2] 127.0.0.1 () {44 vars in 718 bytes} [Fri Nov  1 11:48:15 2019] GET /cart/ => generated 2 bytes in 14 msecs (HTTP/1.1 200) 7 headers in 260 bytes (1 switches on core 1)
[pid: 6164|app: 0|req: 4/3] 127.0.0.1 () {42 vars in 801 bytes} [Fri Nov  1 11:48:25 2019] GET /categories/115/skus/?page=1&page_size=5&ordering=-create_time => generated 35 bytes in 41 msecs (HTTP/1.1 507) 7 headers in 268 bytes (1 switches on core 0)
[pid: 6164|app: 0|req: 4/4] 127.0.0.1 () {42 vars in 726 bytes} [Fri Nov  1 11:48:25 2019] GET /categories/115/hotskus/ => generated 35 bytes in 28 msecs (HTTP/1.1 507) 7 headers in 268 bytes (1 switches on core 1)
[pid: 6164|app: 0|req: 6/5] 127.0.0.1 () {42 vars in 801 bytes} [Fri Nov  1 11:50:04 2019] GET /categories/115/skus/?page=1&page_size=5&ordering=-create_time => generated 35 bytes in 14 msecs (HTTP/1.1 507) 7 headers in 268 bytes (1 switches on core 0)
[pid: 6164|app: 0|req: 6/6] 127.0.0.1 () {42 vars in 726 bytes} [Fri Nov  1 11:50:04 2019] GET /categories/115/hotskus/ => generated 35 bytes in 12 msecs (HTTP/1.1 507) 7 headers in 268 bytes (1 switches on core 1)
[pid: 6164|app: 0|req: 7/7] 127.0.0.1 () {42 vars in 801 bytes} [Fri Nov  1 11:55:04 2019] GET /categories/115/skus/?page=1&page_size=5&ordering=-create_time => generated 35 bytes in 20 msecs (HTTP/1.1 507) 7 headers in 268 bytes (1 switches on core 0)
[pid: 6162|app: 0|req: 1/8] 127.0.0.1 () {42 vars in 726 bytes} [Fri Nov  1 11:55:04 2019] GET /categories/115/hotskus/ => generated 35 bytes in 1119 msecs (HTTP/1.1 507) 7 headers in 268 bytes (1 switches on core 0)
[pid: 6164|app: 0|req: 8/9] 127.0.0.1 () {42 vars in 801 bytes} [Fri Nov  1 12:00:05 2019] GET /categories/115/skus/?page=1&page_size=5&ordering=-create_time => generated 35 bytes in 11 msecs (HTTP/1.1 507) 7 headers in 268 bytes (1 switches on core 1)
[pid: 6162|app: 0|req: 2/10] 127.0.0.1 () {42 vars in 726 bytes} [Fri Nov  1 12:00:05 2019] GET /categories/115/hotskus/ => generated 35 bytes in 16 msecs (HTTP/1.1 507) 7 headers in 268 bytes (1 switches on core 1)
[pid: 6164|app: 0|req: 10/11] 127.0.0.1 () {42 vars in 801 bytes} [Fri Nov  1 12:05:07 2019] GET /categories/115/skus/?page=1&page_size=5&ordering=-create_time => generated 35 bytes in 53 msecs (HTTP/1.1 507) 7 headers in 268 bytes (1 switches on core 0)
[pid: 6164|app: 0|req: 10/12] 127.0.0.1 () {42 vars in 726 bytes} [Fri Nov  1 12:05:07 2019] GET /categories/115/hotskus/ => generated 35 bytes in 48 msecs (HTTP/1.1 507) 7 headers in 268 bytes (1 switches on core 1)
[pid: 6164|app: 0|req: 12/13] 127.0.0.1 () {42 vars in 801 bytes} [Fri Nov  1 12:10:04 2019] GET /categories/115/skus/?page=1&page_size=5&ordering=-create_time => generated 35 bytes in 20 msecs (HTTP/1.1 507) 7 headers in 268 bytes (1 switches on core 0)
[pid: 6164|app: 0|req: 12/14] 127.0.0.1 () {42 vars in 726 bytes} [Fri Nov  1 12:10:04 2019] GET /categories/115/hotskus/ => generated 35 bytes in 15 msecs (HTTP/1.1 507) 7 headers in 268 bytes (1 switches on core 1)
[pid: 6164|app: 0|req: 14/16] 127.0.0.1 () {42 vars in 726 bytes} [Fri Nov  1 12:15:04 2019] GET /categories/115/hotskus/ => generated 35 bytes in 12 msecs (HTTP/1.1 507) 7 headers in 268 bytes (1 switches on core 1)
[pid: 6164|app: 0|req: 14/16] 127.0.0.1 () {42 vars in 801 bytes} [Fri Nov  1 12:15:04 2019] GET /categories/115/skus/?page=1&page_size=5&ordering=-create_time => generated 35 bytes in 29 msecs (HTTP/1.1 507) 7 headers in 268 bytes (1 switches on core 0)
[pid: 6164|app: 0|req: 15/17] 127.0.0.1 () {42 vars in 801 bytes} [Fri Nov  1 12:20:04 2019] GET /categories/115/skus/?page=1&page_size=5&ordering=-create_time => generated 35 bytes in 5 msecs (HTTP/1.1 507) 7 headers in 268 bytes (1 switches on core 1)
[pid: 6164|app: 0|req: 16/18] 127.0.0.1 () {42 vars in 726 bytes} [Fri Nov  1 12:20:04 2019] GET /categories/115/hotskus/ => generated 35 bytes in 11 msecs (HTTP/1.1 507) 7 headers in 268 bytes (1 switches on core 0)
[pid: 6164|app: 0|req: 17/19] 127.0.0.1 () {42 vars in 801 bytes} [Fri Nov  1 12:25:04 2019] GET /categories/115/skus/?page=1&page_size=5&ordering=-create_time => generated 35 bytes in 11 msecs (HTTP/1.1 507) 7 headers in 268 bytes (1 switches on core 1)
[pid: 6164|app: 0|req: 18/20] 127.0.0.1 () {42 vars in 726 bytes} [Fri Nov  1 12:25:04 2019] GET /categories/115/hotskus/ => generated 35 bytes in 14 msecs (HTTP/1.1 507) 7 headers in 268 bytes (1 switches on core 0)
[pid: 6164|app: 0|req: 20/21] 127.0.0.1 () {42 vars in 801 bytes} [Fri Nov  1 12:30:04 2019] GET /categories/115/skus/?page=1&page_size=5&ordering=-create_time => generated 35 bytes in 33 msecs (HTTP/1.1 507) 7 headers in 268 bytes (1 switches on core 1)
[pid: 6164|app: 0|req: 20/22] 127.0.0.1 () {42 vars in 726 bytes} [Fri Nov  1 12:30:04 2019] GET /categories/115/hotskus/ => generated 35 bytes in 36 msecs (HTTP/1.1 507) 7 headers in 268 bytes (1 switches on core 0)
[pid: 6164|app: 0|req: 22/23] 127.0.0.1 () {42 vars in 801 bytes} [Fri Nov  1 12:35:04 2019] GET /categories/115/skus/?page=1&page_size=5&ordering=-create_time => generated 35 bytes in 12 msecs (HTTP/1.1 507) 7 headers in 268 bytes (1 switches on core 1)
[pid: 6164|app: 0|req: 22/24] 127.0.0.1 () {42 vars in 726 bytes} [Fri Nov  1 12:35:04 2019] GET /categories/115/hotskus/ => generated 35 bytes in 18 msecs (HTTP/1.1 507) 7 headers in 268 bytes (1 switches on core 0)
[pid: 6164|app: 0|req: 24/25] 127.0.0.1 () {42 vars in 801 bytes} [Fri Nov  1 12:40:03 2019] GET /categories/115/skus/?page=1&page_size=5&ordering=-create_time => generated 35 bytes in 14 msecs (HTTP/1.1 507) 7 headers in 268 bytes (1 switches on core 1)
[pid: 6164|app: 0|req: 24/26] 127.0.0.1 () {42 vars in 726 bytes} [Fri Nov  1 12:40:03 2019] GET /categories/115/hotskus/ => generated 35 bytes in 12 msecs (HTTP/1.1 507) 7 headers in 268 bytes (1 switches on core 0)
[pid: 6164|app: 0|req: 26/27] 127.0.0.1 () {42 vars in 801 bytes} [Fri Nov  1 12:45:04 2019] GET /categories/115/skus/?page=1&page_size=5&ordering=-create_time => generated 35 bytes in 25 msecs (HTTP/1.1 507) 7 headers in 268 bytes (1 switches on core 1)
[pid: 6164|app: 0|req: 26/28] 127.0.0.1 () {42 vars in 726 bytes} [Fri Nov  1 12:45:04 2019] GET /categories/115/hotskus/ => generated 35 bytes in 32 msecs (HTTP/1.1 507) 7 headers in 268 bytes (1 switches on core 0)
[pid: 6164|app: 0|req: 28/29] 127.0.0.1 () {42 vars in 801 bytes} [Fri Nov  1 12:50:03 2019] GET /categories/115/skus/?page=1&page_size=5&ordering=-create_time => generated 35 bytes in 18 msecs (HTTP/1.1 507) 7 headers in 268 bytes (1 switches on core 1)
[pid: 6164|app: 0|req: 28/30] 127.0.0.1 () {42 vars in 726 bytes} [Fri Nov  1 12:50:03 2019] GET /categories/115/hotskus/ => generated 35 bytes in 14 msecs (HTTP/1.1 507) 7 headers in 268 bytes (1 switches on core 0)
[pid: 6164|app: 0|req: 30/31] 127.0.0.1 () {42 vars in 801 bytes} [Fri Nov  1 12:55:04 2019] GET /categories/115/skus/?page=1&page_size=5&ordering=-create_time => generated 35 bytes in 20 msecs (HTTP/1.1 507) 7 headers in 268 bytes (1 switches on core 1)
[pid: 6164|app: 0|req: 30/32] 127.0.0.1 () {42 vars in 726 bytes} [Fri Nov  1 12:55:04 2019] GET /categories/115/hotskus/ => generated 35 bytes in 11 msecs (HTTP/1.1 507) 7 headers in 268 bytes (1 switches on core 0)
[pid: 6164|app: 0|req: 32/34] 127.0.0.1 () {42 vars in 726 bytes} [Fri Nov  1 13:00:04 2019] GET /categories/115/hotskus/ => generated 35 bytes in 11 msecs (HTTP/1.1 507) 7 headers in 268 bytes (1 switches on core 0)
[pid: 6164|app: 0|req: 32/34] 127.0.0.1 () {42 vars in 801 bytes} [Fri Nov  1 13:00:04 2019] GET /categories/115/skus/?page=1&page_size=5&ordering=-create_time => generated 35 bytes in 27 msecs (HTTP/1.1 507) 7 headers in 268 bytes (1 switches on core 1)
[pid: 6164|app: 0|req: 34/35] 127.0.0.1 () {42 vars in 801 bytes} [Fri Nov  1 13:05:04 2019] GET /categories/115/skus/?page=1&page_size=5&ordering=-create_time => generated 35 bytes in 5 msecs (HTTP/1.1 507) 7 headers in 268 bytes (1 switches on core 0)
[pid: 6164|app: 0|req: 34/36] 127.0.0.1 () {42 vars in 726 bytes} [Fri Nov  1 13:05:04 2019] GET /categories/115/hotskus/ => generated 35 bytes in 16 msecs (HTTP/1.1 507) 7 headers in 268 bytes (1 switches on core 1)
[pid: 6164|app: 0|req: 36/38] 127.0.0.1 () {42 vars in 801 bytes} [Fri Nov  1 13:10:04 2019] GET /categories/115/skus/?page=1&page_size=5&ordering=-create_time => generated 35 bytes in 22 msecs (HTTP/1.1 507) 7 headers in 268 bytes (1 switches on core 0)
[pid: 6164|app: 0|req: 36/38] 127.0.0.1 () {42 vars in 726 bytes} [Fri Nov  1 13:10:04 2019] GET /categories/115/hotskus/ => generated 35 bytes in 16 msecs (HTTP/1.1 507) 7 headers in 268 bytes (1 switches on core 1)
[pid: 6164|app: 0|req: 37/39] 127.0.0.1 () {42 vars in 801 bytes} [Fri Nov  1 13:15:04 2019] GET /categories/115/skus/?page=1&page_size=5&ordering=-create_time => generated 35 bytes in 5 msecs (HTTP/1.1 507) 7 headers in 268 bytes (1 switches on core 0)
[pid: 6164|app: 0|req: 38/40] 127.0.0.1 () {42 vars in 726 bytes} [Fri Nov  1 13:15:04 2019] GET /categories/115/hotskus/ => generated 35 bytes in 10 msecs (HTTP/1.1 507) 7 headers in 268 bytes (1 switches on core 1)
[pid: 6164|app: 0|req: 40/41] 127.0.0.1 () {42 vars in 801 bytes} [Fri Nov  1 13:20:04 2019] GET /categories/115/skus/?page=1&page_size=5&ordering=-create_time => generated 35 bytes in 14 msecs (HTTP/1.1 507) 7 headers in 268 bytes (1 switches on core 0)
[pid: 6164|app: 0|req: 40/42] 127.0.0.1 () {42 vars in 726 bytes} [Fri Nov  1 13:20:04 2019] GET /categories/115/hotskus/ => generated 35 bytes in 12 msecs (HTTP/1.1 507) 7 headers in 268 bytes (1 switches on core 1)
[pid: 6164|app: 0|req: 42/43] 127.0.0.1 () {42 vars in 801 bytes} [Fri Nov  1 13:25:04 2019] GET /categories/115/skus/?page=1&page_size=5&ordering=-create_time => generated 35 bytes in 10 msecs (HTTP/1.1 507) 7 headers in 268 bytes (1 switches on core 0)
[pid: 6164|app: 0|req: 42/44] 127.0.0.1 () {42 vars in 726 bytes} [Fri Nov  1 13:25:04 2019] GET /categories/115/hotskus/ => generated 35 bytes in 15 msecs (HTTP/1.1 507) 7 headers in 268 bytes (1 switches on core 1)
[pid: 6164|app: 0|req: 43/45] 127.0.0.1 () {42 vars in 801 bytes} [Fri Nov  1 13:30:04 2019] GET /categories/115/skus/?page=1&page_size=5&ordering=-create_time => generated 35 bytes in 10 msecs (HTTP/1.1 507) 7 headers in 268 bytes (1 switches on core 0)
[pid: 6164|app: 0|req: 44/46] 127.0.0.1 () {42 vars in 726 bytes} [Fri Nov  1 13:30:04 2019] GET /categories/115/hotskus/ => generated 35 bytes in 14 msecs (HTTP/1.1 507) 7 headers in 268 bytes (1 switches on core 1)
[pid: 6164|app: 0|req: 46/47] 127.0.0.1 () {42 vars in 801 bytes} [Fri Nov  1 13:35:03 2019] GET /categories/115/skus/?page=1&page_size=5&ordering=-create_time => generated 35 bytes in 6 msecs (HTTP/1.1 507) 7 headers in 268 bytes (1 switches on core 0)
[pid: 6164|app: 0|req: 46/48] 127.0.0.1 () {42 vars in 726 bytes} [Fri Nov  1 13:35:03 2019] GET /categories/115/hotskus/ => generated 35 bytes in 18 msecs (HTTP/1.1 507) 7 headers in 268 bytes (1 switches on core 1)
[pid: 6164|app: 0|req: 48/49] 127.0.0.1 () {42 vars in 801 bytes} [Fri Nov  1 13:40:04 2019] GET /categories/115/skus/?page=1&page_size=5&ordering=-create_time => generated 35 bytes in 12 msecs (HTTP/1.1 507) 7 headers in 268 bytes (1 switches on core 0)
[pid: 6164|app: 0|req: 48/50] 127.0.0.1 () {42 vars in 726 bytes} [Fri Nov  1 13:40:04 2019] GET /categories/115/hotskus/ => generated 35 bytes in 21 msecs (HTTP/1.1 507) 7 headers in 268 bytes (1 switches on core 1)
[pid: 6163|app: 0|req: 1/51] 127.0.0.1 () {42 vars in 801 bytes} [Fri Nov  1 13:45:07 2019] GET /categories/115/skus/?page=1&page_size=5&ordering=-create_time => generated 35 bytes in 2716 msecs (HTTP/1.1 507) 7 headers in 268 bytes (1 switches on core 0)
[pid: 6161|app: 0|req: 1/52] 127.0.0.1 () {42 vars in 726 bytes} [Fri Nov  1 13:45:07 2019] GET /categories/115/hotskus/ => generated 35 bytes in 2722 msecs (HTTP/1.1 507) 7 headers in 268 bytes (1 switches on core 0)
invalid request block size: 21573 (max 4096)...skip
invalid request block size: 21573 (max 4096)...skip
invalid request block size: 21573 (max 4096)...skip
[pid: 6163|app: 0|req: 3/53] 127.0.0.1 () {42 vars in 801 bytes} [Fri Nov  1 13:50:07 2019] GET /categories/115/skus/?page=1&page_size=5&ordering=-create_time => generated 35 bytes in 72 msecs (HTTP/1.1 507) 7 headers in 268 bytes (1 switches on core 0)
[pid: 6163|app: 0|req: 3/54] 127.0.0.1 () {42 vars in 726 bytes} [Fri Nov  1 13:50:07 2019] GET /categories/115/hotskus/ => generated 35 bytes in 79 msecs (HTTP/1.1 507) 7 headers in 268 bytes (1 switches on core 1)
SIGINT/SIGQUIT received...killing workers...
worker 1 buried after 1 seconds
worker 2 buried after 1 seconds
worker 3 buried after 1 seconds
worker 4 buried after 1 seconds
goodbye to uWSGI.
*** Starting uWSGI 2.0.18 (64bit) on [Fri Nov  1 14:08:41 2019] ***
compiled with version: 7.4.0 on 31 October 2019 03:30:25
os: Linux-5.0.0-32-generic #34~18.04.2-Ubuntu SMP Thu Oct 10 10:36:02 UTC 2019
nodename: alvin-VirtualBox
machine: x86_64
clock source: unix
detected number of CPU cores: 1
current working directory: /home/alvin/python/workspace/meiduo_project/meiduo_mall/meiduo_mall
writing pidfile to uwsgi.pid
detected binary path: /home/alvin/.virtualenvs/meiduo_project/bin/uwsgi
!!! no internal routing support, rebuild with pcre support !!!
chdir() to /home/alvin/python/workspace/meiduo_project/meiduo_mall
your processes number limit is 11946
your memory page size is 4096 bytes
detected max file descriptor number: 1048576
lock engine: pthread robust mutexes
thunder lock: disabled (you can enable it with --thunder-lock)
uwsgi socket 0 bound to TCP address 192.168.0.141:8001 fd 3
Python version: 3.6.8 (default, Oct  7 2019, 12:59:55)  [GCC 8.3.0]
Set PythonHome to /home/alvin/.virtualenvs/meiduo_project
Python main interpreter initialized at 0x557aabe53c10
python threads support enabled
your server socket listen backlog is limited to 100 connections
your mercy for graceful operations on workers is 60 seconds
mapped 416880 bytes (407 KB) for 8 cores
*** Operational MODE: preforking+threaded ***
WSGI app 0 (mountpoint='') ready in 1 seconds on interpreter 0x557aabe53c10 pid: 7932 (default app)
*** uWSGI is running in multiple interpreter mode ***
spawned uWSGI master process (pid: 7932)
spawned uWSGI worker 1 (pid: 7934, cores: 2)
spawned uWSGI worker 2 (pid: 7935, cores: 2)
spawned uWSGI worker 3 (pid: 7936, cores: 2)
spawned uWSGI worker 4 (pid: 7937, cores: 2)
[pid: 7937|app: 0|req: 2/1] 127.0.0.1 () {42 vars in 801 bytes} [Fri Nov  1 14:10:04 2019] GET /categories/115/skus/?page=1&page_size=5&ordering=-create_time => generated 35 bytes in 2045 msecs (HTTP/1.1 507) 7 headers in 268 bytes (1 switches on core 0)
[pid: 7937|app: 0|req: 2/2] 127.0.0.1 () {42 vars in 726 bytes} [Fri Nov  1 14:10:04 2019] GET /categories/115/hotskus/ => generated 35 bytes in 2042 msecs (HTTP/1.1 507) 7 headers in 268 bytes (1 switches on core 1)
invalid request block size: 21573 (max 4096)...skip
invalid request block size: 21573 (max 4096)...skip
invalid request block size: 21573 (max 4096)...skip
[pid: 7937|app: 0|req: 3/3] 127.0.0.1 () {46 vars in 736 bytes} [Fri Nov  1 14:11:11 2019] OPTIONS /cart/ => generated 0 bytes in 0 msecs (HTTP/1.1 200) 8 headers in 424 bytes (1 switches on core 0)
None
[pid: 7937|app: 0|req: 4/4] 127.0.0.1 () {44 vars in 704 bytes} [Fri Nov  1 14:11:11 2019] GET /cart/ => generated 2 bytes in 11 msecs (HTTP/1.1 200) 7 headers in 258 bytes (1 switches on core 1)
[pid: 7937|app: 0|req: 6/5] 127.0.0.1 () {42 vars in 797 bytes} [Fri Nov  1 14:11:20 2019] GET /categories/115/skus/?page=1&page_size=5&ordering=-create_time => generated 35 bytes in 18 msecs (HTTP/1.1 507) 7 headers in 266 bytes (1 switches on core 0)
[pid: 7937|app: 0|req: 6/6] 127.0.0.1 () {42 vars in 722 bytes} [Fri Nov  1 14:11:20 2019] GET /categories/115/hotskus/ => generated 35 bytes in 11 msecs (HTTP/1.1 507) 7 headers in 266 bytes (1 switches on core 1)
SIGINT/SIGQUIT received...killing workers...
worker 1 buried after 3 seconds
worker 2 buried after 3 seconds
worker 3 buried after 3 seconds
worker 4 buried after 3 seconds
goodbye to uWSGI.
*** Starting uWSGI 2.0.18 (64bit) on [Fri Nov  1 14:20:22 2019] ***
compiled with version: 7.4.0 on 01 November 2019 06:17:20
os: Linux-5.0.0-32-generic #34~18.04.2-Ubuntu SMP Thu Oct 10 10:36:02 UTC 2019
nodename: alvin-VirtualBox
machine: x86_64
clock source: unix
pcre jit disabled
detected number of CPU cores: 1
current working directory: /home/alvin/python/workspace/meiduo_project/meiduo_mall/meiduo_mall
writing pidfile to uwsgi.pid
detected binary path: /home/alvin/.virtualenvs/meiduo_project/bin/uwsgi
chdir() to /home/alvin/python/workspace/meiduo_project/meiduo_mall
your processes number limit is 11946
your memory page size is 4096 bytes
detected max file descriptor number: 1048576
lock engine: pthread robust mutexes
thunder lock: disabled (you can enable it with --thunder-lock)
uwsgi socket 0 bound to TCP address 192.168.0.141:8001 fd 3
Python version: 3.6.8 (default, Oct  7 2019, 12:59:55)  [GCC 8.3.0]
Set PythonHome to /home/alvin/.virtualenvs/meiduo_project
Python main interpreter initialized at 0x55ede34b55f0
python threads support enabled
your server socket listen backlog is limited to 100 connections
your mercy for graceful operations on workers is 60 seconds
mapped 416880 bytes (407 KB) for 8 cores
*** Operational MODE: preforking+threaded ***
WSGI app 0 (mountpoint='') ready in 2 seconds on interpreter 0x55ede34b55f0 pid: 9140 (default app)
*** uWSGI is running in multiple interpreter mode ***
spawned uWSGI master process (pid: 9140)
spawned uWSGI worker 1 (pid: 9143, cores: 2)
spawned uWSGI worker 2 (pid: 9144, cores: 2)
spawned uWSGI worker 3 (pid: 9145, cores: 2)
spawned uWSGI worker 4 (pid: 9148, cores: 2)
[pid: 9148|app: 0|req: 2/1] 127.0.0.1 () {42 vars in 722 bytes} [Fri Nov  1 14:21:08 2019] GET /categories/115/hotskus/ => generated 35 bytes in 1883 msecs (HTTP/1.1 507) 7 headers in 266 bytes (1 switches on core 1)
[pid: 9148|app: 0|req: 2/2] 127.0.0.1 () {42 vars in 797 bytes} [Fri Nov  1 14:21:08 2019] GET /categories/115/skus/?page=1&page_size=5&ordering=-create_time => generated 35 bytes in 1905 msecs (HTTP/1.1 507) 7 headers in 266 bytes (1 switches on core 0)
[pid: 9148|app: 0|req: 4/3] 127.0.0.1 () {42 vars in 801 bytes} [Fri Nov  1 14:25:07 2019] GET /categories/115/skus/?page=1&page_size=5&ordering=-create_time => generated 35 bytes in 21 msecs (HTTP/1.1 507) 7 headers in 268 bytes (1 switches on core 1)
[pid: 9148|app: 0|req: 4/4] 127.0.0.1 () {42 vars in 726 bytes} [Fri Nov  1 14:25:07 2019] GET /categories/115/hotskus/ => generated 35 bytes in 18 msecs (HTTP/1.1 507) 7 headers in 268 bytes (1 switches on core 0)
SIGINT/SIGQUIT received...killing workers...
worker 1 buried after 1 seconds
worker 2 buried after 1 seconds
worker 3 buried after 1 seconds
worker 4 buried after 1 seconds
goodbye to uWSGI.
*** Starting uWSGI 2.0.18 (64bit) on [Fri Nov  1 15:23:45 2019] ***
compiled with version: 7.4.0 on 01 November 2019 06:17:20
os: Linux-5.0.0-32-generic #34~18.04.2-Ubuntu SMP Thu Oct 10 10:36:02 UTC 2019
nodename: alvin-VirtualBox
machine: x86_64
clock source: unix
pcre jit disabled
detected number of CPU cores: 1
current working directory: /home/alvin/python/workspace/meiduo_project/meiduo_mall/meiduo_mall
writing pidfile to uwsgi.pid
detected binary path: /home/alvin/.virtualenvs/meiduo_project/bin/uwsgi
chdir() to /home/alvin/python/workspace/meiduo_project/meiduo_mall
your processes number limit is 11946
your memory page size is 4096 bytes
detected max file descriptor number: 1048576
lock engine: pthread robust mutexes
thunder lock: disabled (you can enable it with --thunder-lock)
bind(): Cannot assign requested address [core/socket.c line 769]
*** Starting uWSGI 2.0.18 (64bit) on [Fri Nov  1 15:24:13 2019] ***
compiled with version: 7.4.0 on 01 November 2019 06:17:20
os: Linux-5.0.0-32-generic #34~18.04.2-Ubuntu SMP Thu Oct 10 10:36:02 UTC 2019
nodename: alvin-VirtualBox
machine: x86_64
clock source: unix
pcre jit disabled
detected number of CPU cores: 1
current working directory: /home/alvin/python/workspace/meiduo_project/meiduo_mall/meiduo_mall
writing pidfile to uwsgi.pid
detected binary path: /home/alvin/.virtualenvs/meiduo_project/bin/uwsgi
chdir() to /home/alvin/python/workspace/meiduo_project/meiduo_mall
your processes number limit is 11946
your memory page size is 4096 bytes
detected max file descriptor number: 1048576
lock engine: pthread robust mutexes
thunder lock: disabled (you can enable it with --thunder-lock)
bind(): Cannot assign requested address [core/socket.c line 769]
*** Starting uWSGI 2.0.18 (64bit) on [Fri Nov  1 15:29:49 2019] ***
compiled with version: 7.4.0 on 01 November 2019 06:17:20
os: Linux-5.0.0-32-generic #34~18.04.2-Ubuntu SMP Thu Oct 10 10:36:02 UTC 2019
nodename: alvin-VirtualBox
machine: x86_64
clock source: unix
pcre jit disabled
detected number of CPU cores: 1
current working directory: /home/alvin/python/workspace/meiduo_project/meiduo_mall/meiduo_mall
writing pidfile to uwsgi.pid
detected binary path: /home/alvin/.virtualenvs/meiduo_project/bin/uwsgi
chdir() to /home/alvin/python/workspace/meiduo_project/meiduo_mall
your processes number limit is 11946
your memory page size is 4096 bytes
detected max file descriptor number: 1048576
lock engine: pthread robust mutexes
thunder lock: disabled (you can enable it with --thunder-lock)
uwsgi socket 0 bound to TCP address 192.168.0.177:8001 fd 3
Python version: 3.6.8 (default, Oct  7 2019, 12:59:55)  [GCC 8.3.0]
Set PythonHome to /home/alvin/.virtualenvs/meiduo_project
Python main interpreter initialized at 0x557e64af3600
python threads support enabled
your server socket listen backlog is limited to 100 connections
your mercy for graceful operations on workers is 60 seconds
mapped 416880 bytes (407 KB) for 8 cores
*** Operational MODE: preforking+threaded ***
WSGI app 0 (mountpoint='') ready in 2 seconds on interpreter 0x557e64af3600 pid: 4111 (default app)
*** uWSGI is running in multiple interpreter mode ***
spawned uWSGI master process (pid: 4111)
spawned uWSGI worker 1 (pid: 4113, cores: 2)
spawned uWSGI worker 2 (pid: 4114, cores: 2)
spawned uWSGI worker 3 (pid: 4115, cores: 2)
spawned uWSGI worker 4 (pid: 4116, cores: 2)
[pid: 4113|app: 0|req: 1/1] 127.0.0.1 () {46 vars in 738 bytes} [Fri Nov  1 15:30:13 2019] OPTIONS /cart/ => generated 0 bytes in 35 msecs (HTTP/1.1 200) 8 headers in 425 bytes (1 switches on core 0)
None
[pid: 4113|app: 0|req: 2/2] 127.0.0.1 () {46 vars in 839 bytes} [Fri Nov  1 15:30:13 2019] GET /cart/ => generated 2 bytes in 2684 msecs (HTTP/1.1 200) 7 headers in 259 bytes (1 switches on core 1)
[pid: 4113|app: 0|req: 3/3] 127.0.0.1 () {46 vars in 768 bytes} [Fri Nov  1 15:31:14 2019] OPTIONS /authorizations/ => generated 0 bytes in 0 msecs (HTTP/1.1 200) 8 headers in 425 bytes (1 switches on core 0)
[pid: 4113|app: 0|req: 4/4] 127.0.0.1 () {48 vars in 943 bytes} [Fri Nov  1 15:31:14 2019] POST /authorizations/ => generated 35 bytes in 27 msecs (HTTP/1.1 507) 7 headers in 254 bytes (1 switches on core 1)
None
[pid: 4113|app: 0|req: 5/5] 127.0.0.1 () {46 vars in 849 bytes} [Fri Nov  1 15:42:14 2019] GET /cart/ => generated 2 bytes in 3 msecs (HTTP/1.1 200) 7 headers in 259 bytes (1 switches on core 0)
[pid: 4113|app: 0|req: 6/6] 127.0.0.1 () {42 vars in 802 bytes} [Fri Nov  1 15:42:21 2019] GET /skus/search/?text=%E6%89%8B%E6%9C%BA&page=1&page_size=6 => generated 2492 bytes in 912 msecs (HTTP/1.1 200) 7 headers in 251 bytes (1 switches on core 1)
[pid: 4113|app: 0|req: 7/7] 127.0.0.1 () {42 vars in 802 bytes} [Fri Nov  1 15:42:29 2019] GET /skus/search/?text=%E6%89%8B%E6%9C%BA&page=2&page_size=6 => generated 2639 bytes in 173 msecs (HTTP/1.1 200) 7 headers in 251 bytes (1 switches on core 0)
[pid: 4113|app: 0|req: 8/8] 127.0.0.1 () {42 vars in 802 bytes} [Fri Nov  1 15:42:30 2019] GET /skus/search/?text=%E6%89%8B%E6%9C%BA&page=3&page_size=6 => generated 966 bytes in 70 msecs (HTTP/1.1 200) 7 headers in 250 bytes (1 switches on core 1)
[pid: 4113|app: 0|req: 9/9] 127.0.0.1 () {42 vars in 802 bytes} [Fri Nov  1 15:42:33 2019] GET /skus/search/?text=%E6%89%8B%E6%9C%BA&page=2&page_size=6 => generated 2639 bytes in 70 msecs (HTTP/1.1 200) 7 headers in 251 bytes (1 switches on core 0)
[pid: 4113|app: 0|req: 10/10] 127.0.0.1 () {42 vars in 802 bytes} [Fri Nov  1 15:42:34 2019] GET /skus/search/?text=%E6%89%8B%E6%9C%BA&page=1&page_size=6 => generated 2492 bytes in 66 msecs (HTTP/1.1 200) 7 headers in 251 bytes (1 switches on core 1)
None
[pid: 4113|app: 0|req: 11/11] 127.0.0.1 () {46 vars in 849 bytes} [Fri Nov  1 15:45:13 2019] GET /cart/ => generated 2 bytes in 5 msecs (HTTP/1.1 200) 7 headers in 259 bytes (1 switches on core 0)
[pid: 4113|app: 0|req: 13/12] 127.0.0.1 () {42 vars in 799 bytes} [Fri Nov  1 15:46:03 2019] GET /categories/115/skus/?page=1&page_size=5&ordering=-create_time => generated 35 bytes in 25 msecs (HTTP/1.1 507) 7 headers in 267 bytes (1 switches on core 1)
[pid: 4113|app: 0|req: 13/13] 127.0.0.1 () {42 vars in 724 bytes} [Fri Nov  1 15:46:03 2019] GET /categories/115/hotskus/ => generated 35 bytes in 20 msecs (HTTP/1.1 507) 7 headers in 267 bytes (1 switches on core 0)
[pid: 4113|app: 0|req: 15/14] 127.0.0.1 () {42 vars in 724 bytes} [Fri Nov  1 15:51:09 2019] GET /categories/115/hotskus/ => generated 35 bytes in 13 msecs (HTTP/1.1 507) 7 headers in 267 bytes (1 switches on core 0)
[pid: 4113|app: 0|req: 15/15] 127.0.0.1 () {42 vars in 799 bytes} [Fri Nov  1 15:51:09 2019] GET /categories/115/skus/?page=1&page_size=5&ordering=-create_time => generated 35 bytes in 26 msecs (HTTP/1.1 507) 7 headers in 267 bytes (1 switches on core 1)
None
[pid: 4113|app: 0|req: 16/16] 127.0.0.1 () {46 vars in 849 bytes} [Fri Nov  1 15:51:12 2019] GET /cart/ => generated 2 bytes in 2 msecs (HTTP/1.1 200) 7 headers in 259 bytes (1 switches on core 0)
[pid: 4113|app: 0|req: 17/17] 127.0.0.1 () {42 vars in 802 bytes} [Fri Nov  1 15:51:16 2019] GET /skus/search/?text=%E6%89%8B%E6%9C%BA&page=1&page_size=6 => generated 2492 bytes in 117 msecs (HTTP/1.1 200) 7 headers in 251 bytes (1 switches on core 1)
None
[pid: 4113|app: 0|req: 18/18] 127.0.0.1 () {46 vars in 851 bytes} [Fri Nov  1 15:51:18 2019] GET /cart/ => generated 2 bytes in 4 msecs (HTTP/1.1 200) 7 headers in 259 bytes (1 switches on core 0)
[pid: 4113|app: 0|req: 19/19] 127.0.0.1 () {42 vars in 719 bytes} [Fri Nov  1 15:51:18 2019] GET /categories/115/hotskus/ => generated 35 bytes in 5 msecs (HTTP/1.1 507) 7 headers in 267 bytes (1 switches on core 1)
[pid: 4113|app: 0|req: 20/20] 127.0.0.1 () {50 vars in 960 bytes} [Fri Nov  1 15:51:21 2019] POST /cart/ => generated 35 bytes in 5 msecs (HTTP/1.1 507) 7 headers in 278 bytes (1 switches on core 0)
None
[pid: 4113|app: 0|req: 21/21] 127.0.0.1 () {46 vars in 851 bytes} [Fri Nov  1 15:51:24 2019] GET /cart/ => generated 2 bytes in 3 msecs (HTTP/1.1 200) 7 headers in 259 bytes (1 switches on core 1)
[pid: 4113|app: 0|req: 22/22] 127.0.0.1 () {42 vars in 719 bytes} [Fri Nov  1 15:51:24 2019] GET /categories/115/hotskus/ => generated 35 bytes in 5 msecs (HTTP/1.1 507) 7 headers in 267 bytes (1 switches on core 0)
[pid: 4113|app: 0|req: 23/23] 127.0.0.1 () {50 vars in 960 bytes} [Fri Nov  1 15:51:25 2019] POST /cart/ => generated 35 bytes in 5 msecs (HTTP/1.1 507) 7 headers in 278 bytes (1 switches on core 1)
None
[pid: 4113|app: 0|req: 24/24] 127.0.0.1 () {46 vars in 849 bytes} [Fri Nov  1 16:11:31 2019] GET /cart/ => generated 2 bytes in 40 msecs (HTTP/1.1 200) 7 headers in 259 bytes (1 switches on core 0)
...brutally killing workers...
worker 1 buried after 4 seconds
worker 2 buried after 4 seconds
worker 3 buried after 4 seconds
worker 4 buried after 4 seconds
binary reloading uWSGI...
chdir() to /home/alvin/python/workspace/meiduo_project/meiduo_mall/meiduo_mall
closing all non-uwsgi socket fds > 2 (max_fd = 1048576)...
found fd 3 mapped to socket 0 (192.168.0.177:8001)
running /home/alvin/.virtualenvs/meiduo_project/bin/uwsgi
[uWSGI] getting INI configuration from uwsgi.ini
*** Starting uWSGI 2.0.18 (64bit) on [Fri Nov  1 17:05:27 2019] ***
compiled with version: 7.4.0 on 01 November 2019 06:17:20
os: Linux-5.0.0-32-generic #34~18.04.2-Ubuntu SMP Thu Oct 10 10:36:02 UTC 2019
nodename: alvin-VirtualBox
machine: x86_64
clock source: unix
pcre jit disabled
detected number of CPU cores: 1
current working directory: /home/alvin/python/workspace/meiduo_project/meiduo_mall/meiduo_mall
detected binary path: /home/alvin/.virtualenvs/meiduo_project/bin/uwsgi
chdir() to /home/alvin/python/workspace/meiduo_project/meiduo_mall
your processes number limit is 11946
your memory page size is 4096 bytes
detected max file descriptor number: 1048576
lock engine: pthread robust mutexes
thunder lock: disabled (you can enable it with --thunder-lock)
uwsgi socket 0 inherited INET address 192.168.0.177:8001 fd 3
Python version: 3.6.8 (default, Oct  7 2019, 12:59:55)  [GCC 8.3.0]
Set PythonHome to /home/alvin/.virtualenvs/meiduo_project
Python main interpreter initialized at 0x561dc1cfaf60
python threads support enabled
your server socket listen backlog is limited to 100 connections
your mercy for graceful operations on workers is 60 seconds
mapped 416880 bytes (407 KB) for 8 cores
*** Operational MODE: preforking+threaded ***
WSGI app 0 (mountpoint='') ready in 2 seconds on interpreter 0x561dc1cfaf60 pid: 4111 (default app)
*** uWSGI is running in multiple interpreter mode ***
gracefully (RE)spawned uWSGI master process (pid: 4111)
spawned uWSGI worker 1 (pid: 6008, cores: 2)
spawned uWSGI worker 2 (pid: 6009, cores: 2)
spawned uWSGI worker 3 (pid: 6012, cores: 2)
spawned uWSGI worker 4 (pid: 6013, cores: 2)
