Fri Oct 25 17:15:03 2019: generate_static_index_html
Fri Oct 25 17:20:04 2019: generate_static_index_html
Fri Oct 25 17:25:03 2019: generate_static_index_html
Fri Oct 25 17:30:04 2019: generate_static_index_html
Fri Oct 25 17:35:03 2019: generate_static_index_html
Fri Oct 25 17:40:03 2019: generate_static_index_html
Fri Oct 25 17:45:02 2019: generate_static_index_html
Fri Oct 25 17:50:02 2019: generate_static_index_html
Fri Oct 25 17:55:03 2019: generate_static_index_html
Fri Oct 25 18:00:03 2019: generate_static_index_html
Fri Oct 25 18:27:54 2019: generate_static_index_html
Fri Oct 25 18:27:54 2019: generate_static_index_html
Fri Oct 25 18:27:55 2019: generate_static_index_html
Fri Oct 25 18:27:55 2019: generate_static_index_html
Fri Oct 25 18:27:55 2019: generate_static_index_html
Fri Oct 25 18:30:03 2019: generate_static_index_html
Fri Oct 25 18:40:03 2019: generate_static_index_html
Fri Oct 25 18:45:03 2019: generate_static_index_html
Fri Oct 25 18:50:03 2019: generate_static_index_html
Fri Oct 25 18:55:03 2019: generate_static_index_html
Mon Oct 28 08:55:04 2019: generate_static_index_html
Mon Oct 28 09:00:03 2019: generate_static_index_html
Mon Oct 28 09:05:03 2019: generate_static_index_html
Mon Oct 28 09:10:02 2019: generate_static_index_html
Mon Oct 28 09:15:02 2019: generate_static_index_html
Mon Oct 28 09:20:02 2019: generate_static_index_html
Mon Oct 28 09:25:01 2019: generate_static_index_html
Mon Oct 28 09:30:02 2019: generate_static_index_html
Mon Oct 28 09:35:03 2019: generate_static_index_html
Mon Oct 28 09:40:02 2019: generate_static_index_html
Mon Oct 28 09:50:01 2019: generate_static_index_html
Mon Oct 28 09:55:03 2019: generate_static_index_html
Mon Oct 28 10:00:02 2019: generate_static_index_html
Mon Oct 28 10:05:02 2019: generate_static_index_html
Mon Oct 28 10:10:02 2019: generate_static_index_html
Mon Oct 28 10:15:02 2019: generate_static_index_html
Mon Oct 28 10:20:02 2019: generate_static_index_html
Mon Oct 28 10:25:02 2019: generate_static_index_html
Mon Oct 28 10:30:02 2019: generate_static_index_html
Mon Oct 28 10:35:01 2019: generate_static_index_html
Mon Oct 28 10:40:03 2019: generate_static_index_html
Mon Oct 28 10:45:02 2019: generate_static_index_html
Mon Oct 28 10:50:03 2019: generate_static_index_html
Mon Oct 28 10:55:02 2019: generate_static_index_html
Mon Oct 28 11:00:02 2019: generate_static_index_html
Mon Oct 28 11:05:02 2019: generate_static_index_html
Mon Oct 28 11:10:02 2019: generate_static_index_html
Mon Oct 28 11:15:01 2019: generate_static_index_html
Mon Oct 28 11:20:03 2019: generate_static_index_html
Mon Oct 28 11:25:03 2019: generate_static_index_html
Mon Oct 28 11:30:02 2019: generate_static_index_html
Mon Oct 28 11:35:02 2019: generate_static_index_html
Mon Oct 28 11:40:02 2019: generate_static_index_html
Mon Oct 28 11:45:03 2019: generate_static_index_html
Mon Oct 28 11:50:02 2019: generate_static_index_html
Mon Oct 28 11:55:03 2019: generate_static_index_html
Mon Oct 28 12:00:02 2019: generate_static_index_html
Mon Oct 28 12:05:02 2019: generate_static_index_html
Mon Oct 28 12:10:01 2019: generate_static_index_html
Mon Oct 28 12:15:02 2019: generate_static_index_html
Mon Oct 28 12:20:02 2019: generate_static_index_html
Mon Oct 28 12:25:01 2019: generate_static_index_html
Mon Oct 28 12:30:02 2019: generate_static_index_html
Mon Oct 28 12:35:02 2019: generate_static_index_html
Mon Oct 28 12:40:02 2019: generate_static_index_html
Mon Oct 28 12:45:02 2019: generate_static_index_html
Mon Oct 28 12:50:02 2019: generate_static_index_html
Mon Oct 28 12:55:02 2019: generate_static_index_html
Mon Oct 28 13:00:02 2019: generate_static_index_html
Mon Oct 28 13:05:01 2019: generate_static_index_html
Mon Oct 28 13:10:02 2019: generate_static_index_html
Mon Oct 28 13:15:02 2019: generate_static_index_html
Mon Oct 28 13:20:01 2019: generate_static_index_html
Mon Oct 28 13:25:02 2019: generate_static_index_html
Mon Oct 28 13:30:02 2019: generate_static_index_html
Mon Oct 28 13:35:01 2019: generate_static_index_html
Mon Oct 28 13:40:02 2019: generate_static_index_html
Mon Oct 28 13:45:02 2019: generate_static_index_html
Mon Oct 28 13:50:02 2019: generate_static_index_html
Mon Oct 28 13:55:02 2019: generate_static_index_html
Mon Oct 28 14:00:03 2019: generate_static_index_html
Mon Oct 28 14:05:03 2019: generate_static_index_html
Mon Oct 28 14:10:03 2019: generate_static_index_html
Mon Oct 28 14:15:02 2019: generate_static_index_html
Mon Oct 28 14:20:03 2019: generate_static_index_html
Mon Oct 28 14:25:03 2019: generate_static_index_html
Mon Oct 28 14:30:03 2019: generate_static_index_html
Mon Oct 28 14:35:03 2019: generate_static_index_html
Mon Oct 28 14:40:02 2019: generate_static_index_html
Mon Oct 28 14:45:02 2019: generate_static_index_html
Mon Oct 28 14:50:02 2019: generate_static_index_html
Mon Oct 28 14:55:03 2019: generate_static_index_html
Mon Oct 28 15:00:03 2019: generate_static_index_html
Mon Oct 28 15:05:04 2019: generate_static_index_html
Mon Oct 28 15:10:03 2019: generate_static_index_html
Mon Oct 28 15:15:04 2019: generate_static_index_html
Mon Oct 28 15:20:02 2019: generate_static_index_html
Mon Oct 28 15:30:03 2019: generate_static_index_html
Mon Oct 28 15:35:04 2019: generate_static_index_html
Mon Oct 28 15:45:02 2019: generate_static_index_html
Mon Oct 28 15:50:03 2019: generate_static_index_html
Mon Oct 28 15:55:02 2019: generate_static_index_html
Mon Oct 28 16:00:03 2019: generate_static_index_html
Mon Oct 28 16:05:03 2019: generate_static_index_html
Mon Oct 28 16:15:03 2019: generate_static_index_html
Mon Oct 28 16:20:03 2019: generate_static_index_html
Mon Oct 28 18:25:04 2019: generate_static_index_html
Mon Oct 28 18:30:03 2019: generate_static_index_html
Mon Oct 28 18:35:03 2019: generate_static_index_html
Mon Oct 28 18:40:04 2019: generate_static_index_html
Mon Oct 28 18:45:03 2019: generate_static_index_html
Mon Oct 28 18:50:04 2019: generate_static_index_html
Mon Oct 28 18:55:04 2019: generate_static_index_html
Mon Oct 28 19:00:04 2019: generate_static_index_html
Tue Oct 29 08:55:05 2019: generate_static_index_html
Tue Oct 29 09:00:02 2019: generate_static_index_html
Tue Oct 29 09:05:08 2019: generate_static_index_html
Tue Oct 29 09:10:03 2019: generate_static_index_html
Tue Oct 29 09:15:03 2019: generate_static_index_html
Tue Oct 29 09:20:02 2019: generate_static_index_html
Tue Oct 29 09:25:02 2019: generate_static_index_html
Tue Oct 29 09:30:02 2019: generate_static_index_html
Tue Oct 29 09:35:02 2019: generate_static_index_html
Tue Oct 29 09:40:04 2019: generate_static_index_html
Tue Oct 29 09:45:03 2019: generate_static_index_html
Tue Oct 29 09:50:02 2019: generate_static_index_html
Tue Oct 29 09:55:02 2019: generate_static_index_html
Tue Oct 29 10:00:03 2019: generate_static_index_html
Tue Oct 29 10:05:02 2019: generate_static_index_html
Tue Oct 29 10:10:03 2019: generate_static_index_html
Tue Oct 29 10:15:03 2019: generate_static_index_html
Tue Oct 29 10:20:02 2019: generate_static_index_html
Tue Oct 29 10:25:02 2019: generate_static_index_html
Tue Oct 29 10:30:02 2019: generate_static_index_html
Tue Oct 29 10:35:02 2019: generate_static_index_html
Tue Oct 29 10:40:03 2019: generate_static_index_html
Tue Oct 29 10:45:03 2019: generate_static_index_html
Tue Oct 29 10:50:03 2019: generate_static_index_html
Tue Oct 29 10:55:02 2019: generate_static_index_html
Tue Oct 29 11:00:03 2019: generate_static_index_html
Tue Oct 29 11:05:04 2019: generate_static_index_html
Tue Oct 29 11:10:03 2019: generate_static_index_html
Tue Oct 29 11:15:03 2019: generate_static_index_html
Tue Oct 29 11:20:02 2019: generate_static_index_html
Tue Oct 29 11:25:02 2019: generate_static_index_html
Tue Oct 29 11:30:02 2019: generate_static_index_html
Tue Oct 29 11:35:02 2019: generate_static_index_html
Tue Oct 29 14:05:03 2019: generate_static_index_html
Tue Oct 29 14:30:03 2019: generate_static_index_html
Tue Oct 29 16:15:04 2019: generate_static_index_html
Tue Oct 29 16:20:05 2019: generate_static_index_html
Tue Oct 29 16:50:04 2019: generate_static_index_html
Tue Oct 29 16:55:03 2019: generate_static_index_html
Tue Oct 29 17:00:03 2019: generate_static_index_html
Tue Oct 29 17:05:02 2019: generate_static_index_html
Tue Oct 29 17:10:03 2019: generate_static_index_html
Tue Oct 29 17:15:04 2019: generate_static_index_html
Tue Oct 29 17:20:02 2019: generate_static_index_html
Tue Oct 29 17:25:03 2019: generate_static_index_html
Tue Oct 29 17:30:03 2019: generate_static_index_html
Tue Oct 29 17:35:04 2019: generate_static_index_html
Tue Oct 29 17:40:03 2019: generate_static_index_html
Tue Oct 29 17:45:02 2019: generate_static_index_html
Tue Oct 29 17:50:03 2019: generate_static_index_html
Tue Oct 29 17:55:03 2019: generate_static_index_html
Tue Oct 29 18:00:04 2019: generate_static_index_html
Tue Oct 29 18:05:04 2019: generate_static_index_html
Tue Oct 29 18:50:03 2019: generate_static_index_html
Tue Oct 29 18:55:02 2019: generate_static_index_html
Wed Oct 30 09:05:03 2019: generate_static_index_html
Wed Oct 30 09:10:02 2019: generate_static_index_html
Wed Oct 30 09:15:03 2019: generate_static_index_html
Wed Oct 30 09:20:03 2019: generate_static_index_html
Wed Oct 30 09:25:03 2019: generate_static_index_html
Wed Oct 30 09:30:05 2019: generate_static_index_html
Wed Oct 30 09:40:03 2019: generate_static_index_html
Wed Oct 30 09:45:03 2019: generate_static_index_html
Wed Oct 30 09:50:02 2019: generate_static_index_html
Wed Oct 30 09:55:02 2019: generate_static_index_html
Wed Oct 30 10:00:02 2019: generate_static_index_html
Wed Oct 30 10:05:04 2019: generate_static_index_html
Wed Oct 30 10:10:03 2019: generate_static_index_html
Wed Oct 30 10:15:03 2019: generate_static_index_html
Wed Oct 30 10:20:02 2019: generate_static_index_html
Wed Oct 30 10:25:03 2019: generate_static_index_html
Wed Oct 30 10:30:02 2019: generate_static_index_html
Wed Oct 30 10:35:03 2019: generate_static_index_html
Wed Oct 30 10:45:03 2019: generate_static_index_html
Wed Oct 30 10:50:03 2019: generate_static_index_html
Wed Oct 30 10:55:03 2019: generate_static_index_html
Wed Oct 30 11:00:03 2019: generate_static_index_html
Wed Oct 30 11:05:03 2019: generate_static_index_html
Wed Oct 30 11:50:03 2019: generate_static_index_html
???????????????????
Wed Oct 30 11:55:03 2019: generate_static_index_html
Wed Oct 30 12:00:02 2019: generate_static_index_html
Wed Oct 30 12:05:03 2019: generate_static_index_html
Wed Oct 30 12:10:03 2019: generate_static_index_html
Wed Oct 30 12:15:02 2019: generate_static_index_html
Wed Oct 30 12:20:02 2019: generate_static_index_html
Wed Oct 30 12:25:02 2019: generate_static_index_html
Wed Oct 30 12:30:02 2019: generate_static_index_html
Wed Oct 30 12:35:02 2019: generate_static_index_html
Wed Oct 30 12:40:02 2019: generate_static_index_html
Wed Oct 30 12:45:02 2019: generate_static_index_html
Wed Oct 30 12:50:02 2019: generate_static_index_html
Wed Oct 30 12:55:03 2019: generate_static_index_html
Wed Oct 30 13:00:02 2019: generate_static_index_html
Wed Oct 30 13:05:02 2019: generate_static_index_html
Wed Oct 30 13:10:02 2019: generate_static_index_html
Wed Oct 30 13:15:02 2019: generate_static_index_html
Wed Oct 30 13:20:03 2019: generate_static_index_html
Wed Oct 30 13:25:02 2019: generate_static_index_html
Wed Oct 30 13:30:02 2019: generate_static_index_html
Wed Oct 30 13:35:02 2019: generate_static_index_html
Wed Oct 30 13:40:03 2019: generate_static_index_html
Wed Oct 30 13:45:04 2019: generate_static_index_html
Wed Oct 30 13:50:03 2019: generate_static_index_html
Wed Oct 30 13:55:02 2019: generate_static_index_html
Wed Oct 30 14:00:03 2019: generate_static_index_html
Wed Oct 30 14:05:03 2019: generate_static_index_html
Wed Oct 30 14:10:04 2019: generate_static_index_html
Wed Oct 30 14:15:04 2019: generate_static_index_html
Wed Oct 30 14:20:04 2019: generate_static_index_html
Wed Oct 30 14:25:04 2019: generate_static_index_html
Wed Oct 30 14:31:48 2019: generate_static_index_html
