ERROR 2019-10-16 14:28:36,286 exception 77 Invalid HTTP_HOST header: '127.0.0.1:8000'. You may need to add '127.0.0.1' to ALLOWED_HOSTS.
WARNING 2019-10-16 14:28:39,988 log 228 Bad Request: /
WARNING 2019-10-16 14:28:39,989 basehttp 124 "GET / HTTP/1.1" 400 68480
ERROR 2019-10-16 14:28:40,211 exception 77 Invalid HTTP_HOST header: '127.0.0.1:8000'. You may need to add '127.0.0.1' to ALLOWED_HOSTS.
WARNING 2019-10-16 14:28:40,266 log 228 Bad Request: /favicon.ico
WARNING 2019-10-16 14:28:40,267 basehttp 124 "GET /favicon.ico HTTP/1.1" 400 68403
ERROR 2019-10-16 14:31:43,012 exception 77 Invalid HTTP_HOST header: '127.0.0.1:8000'. You may need to add '127.0.0.1' to ALLOWED_HOSTS.
WARNING 2019-10-16 14:31:43,303 log 228 Bad Request: /
WARNING 2019-10-16 14:31:43,318 basehttp 124 "GET / HTTP/1.1" 400 68481
ERROR 2019-10-16 14:31:43,566 exception 77 Invalid HTTP_HOST header: '127.0.0.1:8000'. You may need to add '127.0.0.1' to ALLOWED_HOSTS.
WARNING 2019-10-16 14:31:43,633 log 228 Bad Request: /favicon.ico
WARNING 2019-10-16 14:31:43,634 basehttp 124 "GET /favicon.ico HTTP/1.1" 400 68403
INFO 2019-10-16 14:33:19,893 basehttp 124 "GET / HTTP/1.1" 200 16286
INFO 2019-10-16 14:33:19,936 basehttp 124 "GET /static/admin/css/fonts.css HTTP/1.1" 200 423
INFO 2019-10-16 14:33:20,109 basehttp 124 "GET /static/admin/fonts/Roboto-Regular-webfont.woff HTTP/1.1" 200 80304
INFO 2019-10-16 14:33:20,109 basehttp 124 "GET /static/admin/fonts/Roboto-Light-webfont.woff HTTP/1.1" 200 81348
INFO 2019-10-16 14:33:20,110 basehttp 124 "GET /static/admin/fonts/Roboto-Bold-webfont.woff HTTP/1.1" 200 82564
WARNING 2019-10-16 14:33:20,176 log 228 Not Found: /favicon.ico
WARNING 2019-10-16 14:33:20,181 basehttp 124 "GET /favicon.ico HTTP/1.1" 404 1977
ERROR 2019-10-17 09:23:17,102 exception 77 Invalid HTTP_HOST header: '127.0.0.1:8000'. You may need to add '127.0.0.1' to ALLOWED_HOSTS.
WARNING 2019-10-17 09:23:20,581 log 228 Bad Request: /image_codes/ed96d5ca-c88e-4a64-b1fb-52ccd8810f00/
WARNING 2019-10-17 09:23:20,582 basehttp 124 "GET /image_codes/ed96d5ca-c88e-4a64-b1fb-52ccd8810f00/ HTTP/1.1" 400 69620
ERROR 2019-10-17 09:23:20,832 exception 77 Invalid HTTP_HOST header: '127.0.0.1:8000'. You may need to add '127.0.0.1' to ALLOWED_HOSTS.
WARNING 2019-10-17 09:23:20,886 log 228 Bad Request: /favicon.ico
WARNING 2019-10-17 09:23:20,888 basehttp 124 "GET /favicon.ico HTTP/1.1" 400 69053
ERROR 2019-10-17 09:23:48,002 log 228 Internal Server Error: /image_codes/ed96d5ca-c88e-4a64-b1fb-52ccd8810f00/
Traceback (most recent call last):
  File "F:\python\virtual\django_meiduo\lib\site-packages\django\core\handlers\exception.py", line 34, in inner
    response = get_response(request)
  File "F:\python\virtual\django_meiduo\lib\site-packages\django\core\handlers\base.py", line 126, in _get_response
    response = self.process_exception_by_middleware(e, request)
  File "F:\python\virtual\django_meiduo\lib\site-packages\django\core\handlers\base.py", line 124, in _get_response
    response = wrapped_callback(request, *callback_args, **callback_kwargs)
  File "F:\python\virtual\django_meiduo\lib\site-packages\django\views\decorators\csrf.py", line 54, in wrapped_view
    return view_func(*args, **kwargs)
  File "F:\python\virtual\django_meiduo\lib\site-packages\django\views\generic\base.py", line 68, in view
    return self.dispatch(request, *args, **kwargs)
  File "F:\python\virtual\django_meiduo\lib\site-packages\rest_framework\views.py", line 483, in dispatch
    response = self.handle_exception(exc)
  File "F:\python\virtual\django_meiduo\lib\site-packages\rest_framework\views.py", line 443, in handle_exception
    self.raise_uncaught_exception(exc)
  File "F:\python\virtual\django_meiduo\lib\site-packages\rest_framework\views.py", line 480, in dispatch
    response = handler(request, *args, **kwargs)
  File "F:\python\workspace\meiduo_project\meiduo_mall\meiduo_mall\apps\verifications\views.py", line 25, in get
    text, image = captcha.generate_captcha()
ValueError: too many values to unpack (expected 2)
ERROR 2019-10-17 09:23:48,009 basehttp 124 "GET /image_codes/ed96d5ca-c88e-4a64-b1fb-52ccd8810f00/ HTTP/1.1" 500 94628
WARNING 2019-10-17 09:23:48,269 log 228 Not Found: /favicon.ico
WARNING 2019-10-17 09:23:48,270 basehttp 124 "GET /favicon.ico HTTP/1.1" 404 2165
ERROR 2019-10-17 09:23:50,146 log 228 Internal Server Error: /image_codes/ed96d5ca-c88e-4a64-b1fb-52ccd8810f00/
Traceback (most recent call last):
  File "F:\python\virtual\django_meiduo\lib\site-packages\django\core\handlers\exception.py", line 34, in inner
    response = get_response(request)
  File "F:\python\virtual\django_meiduo\lib\site-packages\django\core\handlers\base.py", line 126, in _get_response
    response = self.process_exception_by_middleware(e, request)
  File "F:\python\virtual\django_meiduo\lib\site-packages\django\core\handlers\base.py", line 124, in _get_response
    response = wrapped_callback(request, *callback_args, **callback_kwargs)
  File "F:\python\virtual\django_meiduo\lib\site-packages\django\views\decorators\csrf.py", line 54, in wrapped_view
    return view_func(*args, **kwargs)
  File "F:\python\virtual\django_meiduo\lib\site-packages\django\views\generic\base.py", line 68, in view
    return self.dispatch(request, *args, **kwargs)
  File "F:\python\virtual\django_meiduo\lib\site-packages\rest_framework\views.py", line 483, in dispatch
    response = self.handle_exception(exc)
  File "F:\python\virtual\django_meiduo\lib\site-packages\rest_framework\views.py", line 443, in handle_exception
    self.raise_uncaught_exception(exc)
  File "F:\python\virtual\django_meiduo\lib\site-packages\rest_framework\views.py", line 480, in dispatch
    response = handler(request, *args, **kwargs)
  File "F:\python\workspace\meiduo_project\meiduo_mall\meiduo_mall\apps\verifications\views.py", line 25, in get
    text, image = captcha.generate_captcha()
ValueError: too many values to unpack (expected 2)
ERROR 2019-10-17 09:23:50,149 basehttp 124 "GET /image_codes/ed96d5ca-c88e-4a64-b1fb-52ccd8810f00/ HTTP/1.1" 500 94628
ERROR 2019-10-17 09:27:59,697 log 228 Internal Server Error: /image_codes/ed96d5ca-c88e-4a64-b1fb-52ccd8810f00/
Traceback (most recent call last):
  File "F:\python\virtual\django_meiduo\lib\site-packages\django\core\handlers\exception.py", line 34, in inner
    response = get_response(request)
  File "F:\python\virtual\django_meiduo\lib\site-packages\django\core\handlers\base.py", line 126, in _get_response
    response = self.process_exception_by_middleware(e, request)
  File "F:\python\virtual\django_meiduo\lib\site-packages\django\core\handlers\base.py", line 124, in _get_response
    response = wrapped_callback(request, *callback_args, **callback_kwargs)
  File "F:\python\virtual\django_meiduo\lib\site-packages\django\views\decorators\csrf.py", line 54, in wrapped_view
    return view_func(*args, **kwargs)
  File "F:\python\virtual\django_meiduo\lib\site-packages\django\views\generic\base.py", line 68, in view
    return self.dispatch(request, *args, **kwargs)
  File "F:\python\virtual\django_meiduo\lib\site-packages\rest_framework\views.py", line 483, in dispatch
    response = self.handle_exception(exc)
  File "F:\python\virtual\django_meiduo\lib\site-packages\rest_framework\views.py", line 443, in handle_exception
    self.raise_uncaught_exception(exc)
  File "F:\python\virtual\django_meiduo\lib\site-packages\rest_framework\views.py", line 480, in dispatch
    response = handler(request, *args, **kwargs)
  File "F:\python\workspace\meiduo_project\meiduo_mall\meiduo_mall\apps\verifications\views.py", line 26, in get
    text, image = captcha.generate_captcha()
ValueError: too many values to unpack (expected 2)
ERROR 2019-10-17 09:27:59,702 basehttp 124 "GET /image_codes/ed96d5ca-c88e-4a64-b1fb-52ccd8810f00/ HTTP/1.1" 500 94631
INFO 2019-10-17 09:30:49,708 basehttp 124 "GET /image_codes/ed96d5ca-c88e-4a64-b1fb-52ccd8810f00/ HTTP/1.1" 200 3087
ERROR 2019-10-17 09:31:20,330 exceptions 25 [<verifications.views.ImageCodeView object at 0x000001F9E6179F28>] Error while reading from socket: (10054, '远程主机强迫关闭了一个现有的连接。', None, 10054, None)
ERROR 2019-10-17 09:31:20,472 log 228 Insufficient Storage: /image_codes/ed96d5ca-c88e-4a64-b1fb-52ccd8810f00/
ERROR 2019-10-17 09:31:20,473 basehttp 124 "GET /image_codes/ed96d5ca-c88e-4a64-b1fb-52ccd8810f00/ HTTP/1.1" 507 5404
INFO 2019-10-17 09:31:20,608 basehttp 124 "GET /static/rest_framework/css/bootstrap-tweaks.css HTTP/1.1" 200 3385
INFO 2019-10-17 09:31:20,618 basehttp 124 "GET /static/rest_framework/css/bootstrap.min.css HTTP/1.1" 200 121200
INFO 2019-10-17 09:31:20,630 basehttp 124 "GET /static/rest_framework/js/csrf.js HTTP/1.1" 200 1735
INFO 2019-10-17 09:31:20,632 basehttp 124 "GET /static/rest_framework/js/ajax-form.js HTTP/1.1" 200 3597
INFO 2019-10-17 09:31:20,637 basehttp 124 "GET /static/rest_framework/css/default.css HTTP/1.1" 200 1131
INFO 2019-10-17 09:31:20,644 basehttp 124 "GET /static/rest_framework/css/prettify.css HTTP/1.1" 200 817
INFO 2019-10-17 09:31:20,682 basehttp 124 "GET /static/rest_framework/js/default.js HTTP/1.1" 200 1262
INFO 2019-10-17 09:31:20,685 basehttp 124 "GET /static/rest_framework/js/prettify-min.js HTTP/1.1" 200 13632
INFO 2019-10-17 09:31:20,701 basehttp 124 "GET /static/rest_framework/img/grid.png HTTP/1.1" 200 1458
INFO 2019-10-17 09:31:20,727 basehttp 124 "GET /static/rest_framework/js/bootstrap.min.js HTTP/1.1" 200 37045
INFO 2019-10-17 09:31:20,728 basehttp 124 "GET /static/rest_framework/js/jquery-3.3.1.min.js HTTP/1.1" 200 86927
ERROR 2019-10-17 09:41:36,898 exception 77 Invalid HTTP_HOST header: '127.0.0.1:8000'. You may need to add '127.0.0.1' to ALLOWED_HOSTS.
WARNING 2019-10-17 09:41:37,157 log 228 Bad Request: /
WARNING 2019-10-17 09:41:37,158 basehttp 124 "GET / HTTP/1.1" 400 69082
INFO 2019-10-17 09:45:53,672 basehttp 124 "GET /image_codes/a08ff2be-756e-4fdc-8421-4a456928fdec/ HTTP/1.1" 200 3083
INFO 2019-10-17 09:46:11,992 basehttp 124 "GET /image_codes/2e4f882b-06d2-43b5-ab13-acfcdb287817/ HTTP/1.1" 200 3238
INFO 2019-10-17 09:46:13,502 basehttp 124 "GET /image_codes/25073290-4360-4ea3-ba59-74fb4e2a88b6/ HTTP/1.1" 200 3599
WARNING 2019-10-17 10:22:03,242 log 228 Not Found: /
WARNING 2019-10-17 10:22:03,243 basehttp 124 "GET / HTTP/1.1" 404 2119
WARNING 2019-10-17 10:22:03,370 log 228 Not Found: /favicon.ico
WARNING 2019-10-17 10:22:03,371 basehttp 124 "GET /favicon.ico HTTP/1.1" 404 2170
INFO 2019-10-17 10:22:08,466 basehttp 124 "OPTIONS /cart/ HTTP/1.1" 200 0
INFO 2019-10-17 10:22:17,692 basehttp 124 "GET /image_codes/2cbb534f-0b44-4ed2-a715-585effe8d12c/ HTTP/1.1" 200 3222
WARNING 2019-10-17 10:22:34,443 log 228 Not Found: /usernames/世界那么大/count/
WARNING 2019-10-17 10:22:34,505 basehttp 124 "GET /usernames/%E4%B8%96%E7%95%8C%E9%82%A3%E4%B9%88%E5%A4%A7/count/ HTTP/1.1" 404 2263
WARNING 2019-10-17 10:22:52,842 log 228 Not Found: /mobiles/18882028307/count/
WARNING 2019-10-17 10:22:52,843 basehttp 124 "GET /mobiles/18882028307/count/ HTTP/1.1" 404 2215
WARNING 2019-10-17 10:22:59,335 log 228 Not Found: /sms_codes/18882028307/
WARNING 2019-10-17 10:22:59,337 log 228 Not Found: /mobiles/18882028307/count/
WARNING 2019-10-17 10:22:59,338 basehttp 124 "GET /mobiles/18882028307/count/ HTTP/1.1" 404 2215
WARNING 2019-10-17 10:22:59,339 basehttp 124 "GET /sms_codes/18882028307/?text=mtsa&image_code_id=2cbb534f-0b44-4ed2-a715-585effe8d12c HTTP/1.1" 404 2268
ERROR 2019-10-17 10:23:37,213 exceptions 25 [<verifications.views.ImageCodeView object at 0x0000015577524B38>] Error 10061 connecting to 127.0.0.1:6379. 由于目标计算机积极拒绝，无法连接。.
ERROR 2019-10-17 10:23:37,243 log 228 Insufficient Storage: /image_codes/f63cc8e0-5d30-4755-aca8-8b0998a2adce/
ERROR 2019-10-17 10:23:37,244 basehttp 124 "GET /image_codes/f63cc8e0-5d30-4755-aca8-8b0998a2adce/ HTTP/1.1" 507 35
ERROR 2019-10-17 10:23:37,276 basehttp 124 "GET /image_codes/f63cc8e0-5d30-4755-aca8-8b0998a2adce/ HTTP/1.1" 500 59
ERROR 2019-10-17 10:23:38,324 exceptions 25 [<verifications.views.ImageCodeView object at 0x0000015577563BA8>] Error 10061 connecting to 127.0.0.1:6379. 由于目标计算机积极拒绝，无法连接。.
ERROR 2019-10-17 10:23:38,325 log 228 Insufficient Storage: /image_codes/93d81dc4-e6bc-4b72-a5ef-ca07f371083b/
ERROR 2019-10-17 10:23:38,327 basehttp 124 "GET /image_codes/93d81dc4-e6bc-4b72-a5ef-ca07f371083b/ HTTP/1.1" 507 35
ERROR 2019-10-17 10:23:45,788 exceptions 25 [<verifications.views.ImageCodeView object at 0x000001557756BDD8>] Error 10061 connecting to 127.0.0.1:6379. 由于目标计算机积极拒绝，无法连接。.
ERROR 2019-10-17 10:23:45,789 log 228 Insufficient Storage: /image_codes/7a644f97-4e95-41e7-afba-eab50f060b1a/
ERROR 2019-10-17 10:23:45,790 basehttp 124 "GET /image_codes/7a644f97-4e95-41e7-afba-eab50f060b1a/ HTTP/1.1" 507 35
INFO 2019-10-17 10:23:59,355 basehttp 124 "GET /image_codes/6fdf8b8d-6218-462b-86b3-63bf91065b54/ HTTP/1.1" 200 3032
INFO 2019-10-17 10:24:27,733 basehttp 124 "GET /image_codes/eb6bf888-d4dc-4562-a2b5-2a0b95244281/ HTTP/1.1" 200 3110
WARNING 2019-10-17 10:24:48,605 log 228 Not Found: /mobiles/18882028307/count/
WARNING 2019-10-17 10:24:48,606 basehttp 124 "GET /mobiles/18882028307/count/ HTTP/1.1" 404 2215
ERROR 2019-10-17 11:54:44,162 exceptions 25 [<verifications.views.ImageCodeView object at 0x00000219B86D9470>] Error 10061 connecting to 127.0.0.1:6379. 由于目标计算机积极拒绝，无法连接。.
ERROR 2019-10-17 11:54:44,177 log 228 Insufficient Storage: /image_codes/d450166f-6824-4e8c-92ba-ccc032263036/
ERROR 2019-10-17 11:54:44,178 basehttp 124 "GET /image_codes/d450166f-6824-4e8c-92ba-ccc032263036/ HTTP/1.1" 507 35
INFO 2019-10-17 11:55:04,758 basehttp 124 "GET /image_codes/a4dd7232-eb96-4e7b-927c-993002fcd206/ HTTP/1.1" 200 3204
WARNING 2019-10-17 11:55:13,387 log 228 Not Found: /mobiles/18882028307/count/
WARNING 2019-10-17 11:55:13,388 basehttp 124 "GET /mobiles/18882028307/count/ HTTP/1.1" 404 2215
WARNING 2019-10-17 11:55:21,436 log 228 Not Found: /mobiles/18882028307/count/
WARNING 2019-10-17 11:55:21,439 log 228 Not Found: /sms_codes/18882028307/
WARNING 2019-10-17 11:55:21,440 basehttp 124 "GET /mobiles/18882028307/count/ HTTP/1.1" 404 2215
WARNING 2019-10-17 11:55:21,440 basehttp 124 "GET /sms_codes/18882028307/?text=88ds&image_code_id=a4dd7232-eb96-4e7b-927c-993002fcd206 HTTP/1.1" 404 2268
INFO 2019-10-17 14:10:30,311 basehttp 124 "GET /image_codes/2cae6d10-eb59-4baa-8bcf-9c6deb727548/ HTTP/1.1" 200 3108
WARNING 2019-10-17 14:10:35,254 log 228 Not Found: /usernames/世界那么大/count/
WARNING 2019-10-17 14:10:35,263 basehttp 124 "GET /usernames/%E4%B8%96%E7%95%8C%E9%82%A3%E4%B9%88%E5%A4%A7/count/ HTTP/1.1" 404 2263
WARNING 2019-10-17 14:10:47,545 log 228 Not Found: /mobiles/18882028307/count/
WARNING 2019-10-17 14:10:47,546 basehttp 124 "GET /mobiles/18882028307/count/ HTTP/1.1" 404 2215
WARNING 2019-10-17 14:10:52,648 log 228 Not Found: /mobiles/18882028307/count/
WARNING 2019-10-17 14:10:52,652 log 228 Not Found: /sms_codes/18882028307/
WARNING 2019-10-17 14:10:52,653 basehttp 124 "GET /mobiles/18882028307/count/ HTTP/1.1" 404 2215
WARNING 2019-10-17 14:10:52,654 basehttp 124 "GET /sms_codes/18882028307/?text=epcq&image_code_id=2cae6d10-eb59-4baa-8bcf-9c6deb727548 HTTP/1.1" 404 2268
INFO 2019-10-17 14:11:48,960 basehttp 124 "GET /image_codes/c8566a4e-91a4-46f1-bf4f-91317a1fa3ee/ HTTP/1.1" 200 3243
INFO 2019-10-17 14:17:06,111 basehttp 124 "GET /image_codes/ab80f95e-05a4-4d84-87e1-384ca0fa905d/ HTTP/1.1" 200 3023
INFO 2019-10-17 14:31:22,345 basehttp 124 "GET /image_codes/735c697c-bdb8-4c68-8623-b1ea3bd51bf6/ HTTP/1.1" 200 3310
WARNING 2019-10-17 14:31:29,765 log 228 Not Found: /usernames/唐红军asd/count/
WARNING 2019-10-17 14:31:29,766 basehttp 124 "GET /usernames/%E5%94%90%E7%BA%A2%E5%86%9Basd/count/ HTTP/1.1" 404 2420
WARNING 2019-10-17 14:31:53,790 log 228 Not Found: /mobiles/18882028307/count/
WARNING 2019-10-17 14:31:53,791 basehttp 124 "GET /mobiles/18882028307/count/ HTTP/1.1" 404 2393
WARNING 2019-10-17 14:32:28,448 log 228 Not Found: /mobiles/18882028307/count/
WARNING 2019-10-17 14:32:28,448 basehttp 124 "GET /mobiles/18882028307/count/ HTTP/1.1" 404 2393
INFO 2019-10-17 14:32:29,244 basehttp 124 "GET /sms_codes/18882028307/?text=6fyw&image_code_id=735c697c-bdb8-4c68-8623-b1ea3bd51bf6 HTTP/1.1" 200 16
INFO 2019-10-17 14:47:00,707 basehttp 124 "GET /image_codes/85bef05b-15b3-4f7c-9082-7fc07dbf2be0/ HTTP/1.1" 200 2721
WARNING 2019-10-17 14:47:05,776 log 228 Not Found: /usernames/唐红军aaa/count/
WARNING 2019-10-17 14:47:05,777 basehttp 124 "GET /usernames/%E5%94%90%E7%BA%A2%E5%86%9Baaa/count/ HTTP/1.1" 404 2527
INFO 2019-10-17 14:47:48,724 basehttp 124 "GET /image_codes/9b7a9b9f-9b7e-4f58-b3fa-a1b2107e17f0/ HTTP/1.1" 200 3258
WARNING 2019-10-17 14:47:51,012 log 228 Not Found: /usernames/唐红军sss/count/
WARNING 2019-10-17 14:47:51,013 basehttp 124 "GET /usernames/%E5%94%90%E7%BA%A2%E5%86%9Bsss/count/ HTTP/1.1" 404 2526
INFO 2019-10-17 14:49:12,959 basehttp 124 "GET /image_codes/ff8eda62-582e-4b51-b0e7-0507a6e6d97e/ HTTP/1.1" 200 3077
INFO 2019-10-17 14:49:15,974 basehttp 124 "GET /usernames/%E5%94%90%E7%BA%A2%E5%86%9Baaaa/count/ HTTP/1.1" 200 38
INFO 2019-10-17 14:50:18,907 basehttp 124 "GET /mobiles/18882028307/count/ HTTP/1.1" 200 34
INFO 2019-10-17 14:50:22,323 basehttp 124 "GET /mobiles/18882028307/count/ HTTP/1.1" 200 34
INFO 2019-10-17 14:50:33,849 basehttp 124 "GET /mobiles/18882028307/count/ HTTP/1.1" 200 34
INFO 2019-10-17 14:50:34,048 basehttp 124 "GET /sms_codes/18882028307/?text=vyep&image_code_id=ff8eda62-582e-4b51-b0e7-0507a6e6d97e HTTP/1.1" 200 16
INFO 2019-10-17 14:51:17,230 basehttp 124 "OPTIONS /users/ HTTP/1.1" 200 0
INFO 2019-10-17 14:51:17,241 basehttp 124 "GET /mobiles/18882028307/count/ HTTP/1.1" 200 34
INFO 2019-10-17 14:51:17,246 basehttp 124 "GET /usernames/%E5%94%90%E7%BA%A2%E5%86%9Baaaa/count/ HTTP/1.1" 200 38
INFO 2019-10-17 14:54:58,750 basehttp 124 "GET /image_codes/c6044823-f472-4236-bdad-f01c668f570f/ HTTP/1.1" 200 3021
INFO 2019-10-17 14:55:12,070 basehttp 124 "GET /mobiles/18882028307/count/ HTTP/1.1" 200 34
INFO 2019-10-17 14:55:13,373 basehttp 124 "GET /mobiles/18882028307/count/ HTTP/1.1" 200 34
INFO 2019-10-17 14:55:13,496 basehttp 124 "GET /mobiles/18882028307/count/ HTTP/1.1" 200 34
INFO 2019-10-17 14:55:13,689 basehttp 124 "GET /sms_codes/18882028307/?text=vqtk&image_code_id=c6044823-f472-4236-bdad-f01c668f570f HTTP/1.1" 200 16
INFO 2019-10-17 14:58:29,951 basehttp 124 "GET /image_codes/d223e758-fac7-4ef4-aeba-d23e38ca79be/ HTTP/1.1" 200 3280
INFO 2019-10-17 14:58:31,042 basehttp 124 "GET /image_codes/ab041fe8-6651-4ec8-8088-c1122531293f/ HTTP/1.1" 200 2923
INFO 2019-10-17 14:58:51,816 basehttp 124 "GET /image_codes/56ba3209-7f8d-45c1-96ba-1d1d723770ee/ HTTP/1.1" 200 3072
INFO 2019-10-17 14:59:09,652 basehttp 124 "GET /mobiles/18882028307/count/ HTTP/1.1" 200 34
INFO 2019-10-17 14:59:09,734 basehttp 124 "GET /sms_codes/18882028307/?text=zyyg&image_code_id=56ba3209-7f8d-45c1-96ba-1d1d723770ee HTTP/1.1" 200 16
INFO 2019-10-17 14:59:09,740 basehttp 124 "GET /mobiles/18882028307/count/ HTTP/1.1" 200 34
INFO 2019-10-17 14:59:50,227 basehttp 124 "GET /image_codes/7132fdb6-6aa3-4788-9651-533951c51e57/ HTTP/1.1" 200 3131
INFO 2019-10-17 14:59:51,443 basehttp 124 "GET /image_codes/b569cded-2fdd-43fd-bf7c-a151e18200b2/ HTTP/1.1" 200 3177
INFO 2019-10-17 15:00:09,094 basehttp 124 "GET /image_codes/d076a7a8-3f3e-4743-874a-a40ede1aa91f/ HTTP/1.1" 200 3137
INFO 2019-10-17 15:00:11,576 basehttp 124 "GET /mobiles/18882028307/count/ HTTP/1.1" 200 34
INFO 2019-10-17 15:00:15,530 basehttp 124 "GET /sms_codes/18882028307/?text=zykm&image_code_id=d076a7a8-3f3e-4743-874a-a40ede1aa91f HTTP/1.1" 200 16
INFO 2019-10-17 15:00:15,531 basehttp 124 "GET /mobiles/18882028307/count/ HTTP/1.1" 200 34
INFO 2019-10-17 15:01:16,334 basehttp 124 "GET /image_codes/a2bd4518-cb2c-4ba9-a5ab-dd029136dbfc/ HTTP/1.1" 200 3031
INFO 2019-10-17 15:01:16,809 basehttp 124 "GET /image_codes/2a38fe16-f1a1-4985-9877-ba59b562f3a2/ HTTP/1.1" 200 3152
INFO 2019-10-17 15:11:38,865 basehttp 124 "GET /image_codes/c917ffee-70f7-4c70-b1db-bfcf7d23470b/ HTTP/1.1" 200 3160
INFO 2019-10-17 15:11:40,531 basehttp 124 "GET /mobiles/18882028307/count/ HTTP/1.1" 200 34
INFO 2019-10-17 15:11:53,160 basehttp 124 "GET /mobiles/18882028307/count/ HTTP/1.1" 200 34
INFO 2019-10-17 15:11:53,353 basehttp 124 "GET /sms_codes/18882028307/?text=xeyr&image_code_id=c917ffee-70f7-4c70-b1db-bfcf7d23470b HTTP/1.1" 200 16
INFO 2019-10-17 15:19:10,693 basehttp 124 "GET /image_codes/7c914ce1-4fac-4925-9dc1-a45c86a46ccf/ HTTP/1.1" 200 3430
INFO 2019-10-17 15:19:28,523 basehttp 124 "GET /mobiles/18882028307/count/ HTTP/1.1" 200 34
INFO 2019-10-17 15:23:33,663 basehttp 124 "GET /image_codes/f90f2802-5007-4787-a5c0-5f5637f81557/ HTTP/1.1" 200 2938
INFO 2019-10-17 15:23:35,409 basehttp 124 "GET /mobiles/18882028307/count/ HTTP/1.1" 200 34
INFO 2019-10-17 15:23:50,916 basehttp 124 "GET /mobiles/18882028307/count/ HTTP/1.1" 200 34
INFO 2019-10-17 15:23:51,145 basehttp 124 "GET /sms_codes/18882028307/?text=v8lg&image_code_id=f90f2802-5007-4787-a5c0-5f5637f81557 HTTP/1.1" 200 16
INFO 2019-10-17 15:24:25,015 basehttp 124 "GET /mobiles/18882028307/count/ HTTP/1.1" 200 34
INFO 2019-10-17 15:24:26,801 basehttp 124 "GET /mobiles/18882028307/count/ HTTP/1.1" 200 34
INFO 2019-10-17 15:24:30,971 basehttp 124 "GET /mobiles/18882028307/count/ HTTP/1.1" 200 34
INFO 2019-10-17 15:56:42,509 basehttp 124 "GET /image_codes/910a942d-1854-45c8-ac45-6d9c463fac40/ HTTP/1.1" 200 2882
INFO 2019-10-17 15:56:44,656 basehttp 124 "GET /mobiles/18882028307/count/ HTTP/1.1" 200 34
INFO 2019-10-17 15:56:51,595 basehttp 124 "GET /mobiles/18882028307/count/ HTTP/1.1" 200 34
INFO 2019-10-17 15:56:51,784 basehttp 124 "GET /sms_codes/18882028307/?text=bhin&image_code_id=910a942d-1854-45c8-ac45-6d9c463fac40 HTTP/1.1" 200 16
INFO 2019-10-17 15:58:08,499 basehttp 124 "GET /image_codes/b46ac01e-4a38-45da-8447-c0e104f39f8d/ HTTP/1.1" 200 3566
INFO 2019-10-17 15:58:09,873 basehttp 124 "GET /mobiles/18882028307/count/ HTTP/1.1" 200 34
INFO 2019-10-17 15:58:22,515 basehttp 124 "GET /mobiles/18882028307/count/ HTTP/1.1" 200 34
INFO 2019-10-17 15:58:22,693 basehttp 124 "GET /sms_codes/18882028307/?text=mpmp&image_code_id=b46ac01e-4a38-45da-8447-c0e104f39f8d HTTP/1.1" 200 16
INFO 2019-10-17 16:00:11,815 basehttp 124 "GET /image_codes/8173a225-cd8e-4db9-9a57-665ff8d9452b/ HTTP/1.1" 200 3061
INFO 2019-10-17 16:00:13,487 basehttp 124 "GET /mobiles/18882028307/count/ HTTP/1.1" 200 34
INFO 2019-10-17 16:00:21,369 basehttp 124 "GET /mobiles/18882028307/count/ HTTP/1.1" 200 34
INFO 2019-10-17 16:00:21,559 basehttp 124 "GET /sms_codes/18882028307/?text=vpif&image_code_id=8173a225-cd8e-4db9-9a57-665ff8d9452b HTTP/1.1" 200 16
INFO 2019-10-17 16:05:04,130 basehttp 124 "GET /image_codes/7eaf8840-6ba0-4a23-bfda-1c3f1f2d9168/ HTTP/1.1" 200 3174
INFO 2019-10-17 16:05:05,839 basehttp 124 "GET /mobiles/18882028307/count/ HTTP/1.1" 200 34
INFO 2019-10-17 16:05:19,683 basehttp 124 "GET /mobiles/18882028307/count/ HTTP/1.1" 200 34
WARNING 2019-10-17 16:05:19,720 log 228 Bad Request: /sms_codes/18882028307/
WARNING 2019-10-17 16:05:19,721 basehttp 124 "GET /sms_codes/18882028307/?text=b09x&image_code_id=7eaf8840-6ba0-4a23-bfda-1c3f1f2d9168 HTTP/1.1" 400 46
WARNING 2019-10-17 16:05:33,991 log 228 Bad Request: /sms_codes/18882028307/
WARNING 2019-10-17 16:05:33,993 basehttp 124 "GET /sms_codes/18882028307/?text=b09x&image_code_id=7eaf8840-6ba0-4a23-bfda-1c3f1f2d9168 HTTP/1.1" 400 46
INFO 2019-10-17 16:05:33,997 basehttp 124 "GET /mobiles/18882028307/count/ HTTP/1.1" 200 34
INFO 2019-10-17 16:05:45,778 basehttp 124 "GET /mobiles/18882028307/count/ HTTP/1.1" 200 34
INFO 2019-10-17 16:05:45,984 basehttp 124 "GET /sms_codes/18882028307/?text=BO9X&image_code_id=7eaf8840-6ba0-4a23-bfda-1c3f1f2d9168 HTTP/1.1" 200 16
INFO 2019-10-17 16:52:59,471 basehttp 124 "GET /image_codes/5953256a-c8e3-4797-b28e-a01a95c11201/ HTTP/1.1" 200 3390
INFO 2019-10-17 16:53:06,624 basehttp 124 "GET /usernames/%E4%B8%96%E7%95%8C%E9%82%A3%E4%B9%88%E5%A4%A7/count/ HTTP/1.1" 200 40
INFO 2019-10-17 16:53:16,731 basehttp 124 "GET /mobiles/18882028307/count/ HTTP/1.1" 200 34
INFO 2019-10-17 16:53:26,463 basehttp 124 "GET /mobiles/18882028307/count/ HTTP/1.1" 200 34
INFO 2019-10-17 16:53:26,673 basehttp 124 "GET /sms_codes/18882028307/?text=syrq&image_code_id=5953256a-c8e3-4797-b28e-a01a95c11201 HTTP/1.1" 200 16
INFO 2019-10-17 16:54:04,698 basehttp 124 "OPTIONS /users/ HTTP/1.1" 200 0
INFO 2019-10-17 16:54:04,712 basehttp 124 "GET /usernames/%E4%B8%96%E7%95%8C%E9%82%A3%E4%B9%88%E5%A4%A7/count/ HTTP/1.1" 200 40
INFO 2019-10-17 16:54:04,717 basehttp 124 "GET /mobiles/18882028307/count/ HTTP/1.1" 200 34
WARNING 2019-10-17 16:54:04,773 log 228 Not Found: /users/
WARNING 2019-10-17 16:54:04,773 basehttp 124 "POST /users/ HTTP/1.1" 404 2720
INFO 2019-10-17 16:55:48,124 basehttp 124 "OPTIONS /users/ HTTP/1.1" 200 0
INFO 2019-10-17 16:55:48,164 basehttp 124 "GET /mobiles/18882028307/count/ HTTP/1.1" 200 34
INFO 2019-10-17 16:55:48,164 basehttp 124 "GET /usernames/%E4%B8%96%E7%95%8C%E9%82%A3%E4%B9%88%E5%A4%A7/count/ HTTP/1.1" 200 40
INFO 2019-10-17 16:55:48,839 basehttp 124 "POST /users/ HTTP/1.1" 201 266
INFO 2019-10-17 17:55:24,322 basehttp 124 "OPTIONS /authorizations/ HTTP/1.1" 200 0
INFO 2019-10-17 17:55:24,493 basehttp 124 "POST /authorizations/ HTTP/1.1" 200 248
INFO 2019-10-17 17:55:25,234 basehttp 124 "OPTIONS /cart/ HTTP/1.1" 200 0
WARNING 2019-10-17 17:55:25,304 log 228 Not Found: /cart/
WARNING 2019-10-17 17:55:25,306 basehttp 124 "GET /cart/ HTTP/1.1" 404 3032
INFO 2019-10-17 17:55:51,699 basehttp 124 "OPTIONS /authorizations/ HTTP/1.1" 200 0
INFO 2019-10-17 17:55:51,809 basehttp 124 "POST /authorizations/ HTTP/1.1" 200 248
INFO 2019-10-17 17:55:52,441 basehttp 124 "OPTIONS /cart/ HTTP/1.1" 200 0
WARNING 2019-10-17 17:55:52,537 log 228 Not Found: /cart/
WARNING 2019-10-17 17:55:52,539 basehttp 124 "GET /cart/ HTTP/1.1" 404 3032
INFO 2019-10-18 10:53:32,102 basehttp 124 "OPTIONS /authorizations/ HTTP/1.1" 200 0
INFO 2019-10-18 10:53:32,437 basehttp 124 "POST /authorizations/ HTTP/1.1" 200 248
INFO 2019-10-18 10:53:32,820 basehttp 124 "OPTIONS /cart/ HTTP/1.1" 200 0
WARNING 2019-10-18 10:53:32,961 log 228 Not Found: /cart/
WARNING 2019-10-18 10:53:32,962 basehttp 124 "GET /cart/ HTTP/1.1" 404 3032
INFO 2019-10-18 10:53:52,452 basehttp 124 "OPTIONS /user/ HTTP/1.1" 200 0
WARNING 2019-10-18 10:53:52,509 log 228 Not Found: /user/
WARNING 2019-10-18 10:53:52,518 basehttp 124 "GET /user/ HTTP/1.1" 404 3032
WARNING 2019-10-18 10:54:04,661 log 228 Not Found: /cart/
WARNING 2019-10-18 10:54:04,663 basehttp 124 "GET /cart/ HTTP/1.1" 404 3032
WARNING 2019-10-18 10:54:09,886 log 228 Not Found: /cart/
WARNING 2019-10-18 10:54:09,888 basehttp 124 "GET /cart/ HTTP/1.1" 404 3032
WARNING 2019-10-18 10:54:17,492 log 228 Not Found: /categories/232/skus/
WARNING 2019-10-18 10:54:17,500 log 228 Not Found: /categories/232/hotskus/
WARNING 2019-10-18 10:54:17,501 basehttp 124 "GET /categories/232/skus/?page=1&page_size=5&ordering=-create_time HTTP/1.1" 404 3126
WARNING 2019-10-18 10:54:17,504 basehttp 124 "GET /categories/232/hotskus/ HTTP/1.1" 404 3086
WARNING 2019-10-18 10:54:23,027 log 228 Not Found: /cart/
WARNING 2019-10-18 10:54:23,028 basehttp 124 "GET /cart/ HTTP/1.1" 404 3032
WARNING 2019-10-18 10:54:25,914 log 228 Not Found: /user/
WARNING 2019-10-18 10:54:25,916 basehttp 124 "GET /user/ HTTP/1.1" 404 3032
WARNING 2019-10-18 10:54:27,466 log 228 Not Found: /cart/
WARNING 2019-10-18 10:54:27,467 basehttp 124 "GET /cart/ HTTP/1.1" 404 3032
INFO 2019-10-18 16:16:41,720 basehttp 124 "OPTIONS /cart/ HTTP/1.1" 200 0
WARNING 2019-10-18 16:16:41,987 log 228 Not Found: /cart/
WARNING 2019-10-18 16:16:41,988 basehttp 124 "GET /cart/ HTTP/1.1" 404 3032
INFO 2019-10-18 16:16:49,884 basehttp 124 "GET /image_codes/1a231370-7f3c-4077-888c-ad5ae7aff752/ HTTP/1.1" 200 3033
INFO 2019-10-18 16:16:56,500 basehttp 124 "GET /image_codes/60da3b67-0f41-4cfd-a05d-264e9bc3bde9/ HTTP/1.1" 200 3005
WARNING 2019-10-18 16:17:06,473 log 228 Not Found: /accounts/18882028307/sms/token/
WARNING 2019-10-18 16:17:06,474 basehttp 124 "GET /accounts/18882028307/sms/token/?text=qzbk&image_code_id=60da3b67-0f41-4cfd-a05d-264e9bc3bde9 HTTP/1.1" 404 3175
WARNING 2019-10-18 16:17:20,642 log 228 Not Found: /accounts/18882028307/sms/token/
WARNING 2019-10-18 16:17:20,642 basehttp 124 "GET /accounts/18882028307/sms/token/?text=qzbk&image_code_id=60da3b67-0f41-4cfd-a05d-264e9bc3bde9 HTTP/1.1" 404 3175
WARNING 2019-10-18 16:18:22,042 log 228 Not Found: /accounts/18882028307/sms/token/
WARNING 2019-10-18 16:18:22,043 basehttp 124 "GET /accounts/18882028307/sms/token/?text=qzbk&image_code_id=60da3b67-0f41-4cfd-a05d-264e9bc3bde9 HTTP/1.1" 404 3175
WARNING 2019-10-18 16:18:39,202 log 228 Not Found: /accounts/世界那么大/sms/token/
WARNING 2019-10-18 16:18:39,244 basehttp 124 "GET /accounts/%E4%B8%96%E7%95%8C%E9%82%A3%E4%B9%88%E5%A4%A7/sms/token/?text=qzbk&image_code_id=60da3b67-0f41-4cfd-a05d-264e9bc3bde9 HTTP/1.1" 404 3217
INFO 2019-10-18 17:36:44,468 basehttp 124 "GET /image_codes/c17e3fd8-f073-4709-ac49-f58b96fe1d9c/ HTTP/1.1" 200 3279
WARNING 2019-10-18 17:36:51,416 log 228 Not Found: /accounts/18882028307/sms/token/
WARNING 2019-10-18 17:36:51,417 basehttp 124 "GET /accounts/18882028307/sms/token/?text=vkwy&image_code_id=c17e3fd8-f073-4709-ac49-f58b96fe1d9c HTTP/1.1" 404 3368
ERROR 2019-10-18 17:37:35,052 log 228 Internal Server Error: /accounts/18882028307/sms/token/
Traceback (most recent call last):
  File "F:\python\virtual\django_meiduo\lib\site-packages\django\core\handlers\exception.py", line 34, in inner
    response = get_response(request)
  File "F:\python\virtual\django_meiduo\lib\site-packages\django\core\handlers\base.py", line 126, in _get_response
    response = self.process_exception_by_middleware(e, request)
  File "F:\python\virtual\django_meiduo\lib\site-packages\django\core\handlers\base.py", line 124, in _get_response
    response = wrapped_callback(request, *callback_args, **callback_kwargs)
TypeError: __init__() takes 1 positional argument but 2 were given
ERROR 2019-10-18 17:37:35,055 basehttp 124 "GET /accounts/18882028307/sms/token/?text=vkwy&image_code_id=c17e3fd8-f073-4709-ac49-f58b96fe1d9c HTTP/1.1" 500 68889
ERROR 2019-10-18 17:37:49,475 exceptions 25 [<verifications.views.ImageCodeView object at 0x0000014DF0E1D7F0>] Error 10061 connecting to 127.0.0.1:6379. 由于目标计算机积极拒绝，无法连接。.
ERROR 2019-10-18 17:37:49,485 log 228 Insufficient Storage: /image_codes/c23075a6-6ec8-42d2-8167-7766e787498d/
ERROR 2019-10-18 17:37:49,486 basehttp 124 "GET /image_codes/c23075a6-6ec8-42d2-8167-7766e787498d/ HTTP/1.1" 507 35
ERROR 2019-10-18 17:37:55,208 exceptions 25 [<verifications.views.ImageCodeView object at 0x0000014DF0EFE2B0>] Error 10061 connecting to 127.0.0.1:6379. 由于目标计算机积极拒绝，无法连接。.
ERROR 2019-10-18 17:37:55,209 log 228 Insufficient Storage: /image_codes/ee4afde7-9e16-4ef5-b0e9-a4da79e52913/
ERROR 2019-10-18 17:37:55,211 basehttp 124 "GET /image_codes/ee4afde7-9e16-4ef5-b0e9-a4da79e52913/ HTTP/1.1" 507 35
INFO 2019-10-18 17:38:11,931 basehttp 124 "GET /image_codes/1c7f040c-05aa-48f6-9099-7863f6006f62/ HTTP/1.1" 200 3335
ERROR 2019-10-18 17:38:20,415 log 228 Internal Server Error: /accounts/18882028307/sms/token/
Traceback (most recent call last):
  File "F:\python\virtual\django_meiduo\lib\site-packages\django\core\handlers\exception.py", line 34, in inner
    response = get_response(request)
  File "F:\python\virtual\django_meiduo\lib\site-packages\django\core\handlers\base.py", line 126, in _get_response
    response = self.process_exception_by_middleware(e, request)
  File "F:\python\virtual\django_meiduo\lib\site-packages\django\core\handlers\base.py", line 124, in _get_response
    response = wrapped_callback(request, *callback_args, **callback_kwargs)
TypeError: __init__() takes 1 positional argument but 2 were given
ERROR 2019-10-18 17:38:20,418 basehttp 124 "GET /accounts/18882028307/sms/token/?text=kyv7&image_code_id=1c7f040c-05aa-48f6-9099-7863f6006f62 HTTP/1.1" 500 68889
INFO 2019-10-18 17:42:54,439 basehttp 124 "GET /image_codes/3cdeae51-f771-47a8-9af2-7f9e2372956e/ HTTP/1.1" 200 3348
ERROR 2019-10-18 17:43:05,451 log 228 Internal Server Error: /accounts/18882028307/sms/token/
Traceback (most recent call last):
  File "F:\python\virtual\django_meiduo\lib\site-packages\django\core\handlers\exception.py", line 34, in inner
    response = get_response(request)
  File "F:\python\virtual\django_meiduo\lib\site-packages\django\core\handlers\base.py", line 126, in _get_response
    response = self.process_exception_by_middleware(e, request)
  File "F:\python\virtual\django_meiduo\lib\site-packages\django\core\handlers\base.py", line 124, in _get_response
    response = wrapped_callback(request, *callback_args, **callback_kwargs)
TypeError: __init__() takes 1 positional argument but 2 were given
ERROR 2019-10-18 17:43:05,454 basehttp 124 "GET /accounts/18882028307/sms/token/?text=5yjn&image_code_id=3cdeae51-f771-47a8-9af2-7f9e2372956e HTTP/1.1" 500 68889
INFO 2019-10-18 17:43:31,620 basehttp 124 "GET /image_codes/a2641817-a204-4cc8-98af-8a0c286a914c/ HTTP/1.1" 200 3337
ERROR 2019-10-18 17:43:39,109 log 228 Internal Server Error: /accounts/18882028307/sms/token/
Traceback (most recent call last):
  File "F:\python\virtual\django_meiduo\lib\site-packages\django\core\handlers\exception.py", line 34, in inner
    response = get_response(request)
  File "F:\python\virtual\django_meiduo\lib\site-packages\django\core\handlers\base.py", line 126, in _get_response
    response = self.process_exception_by_middleware(e, request)
  File "F:\python\virtual\django_meiduo\lib\site-packages\django\core\handlers\base.py", line 124, in _get_response
    response = wrapped_callback(request, *callback_args, **callback_kwargs)
  File "F:\python\virtual\django_meiduo\lib\site-packages\django\views\decorators\csrf.py", line 54, in wrapped_view
    return view_func(*args, **kwargs)
  File "F:\python\virtual\django_meiduo\lib\site-packages\django\views\generic\base.py", line 68, in view
    return self.dispatch(request, *args, **kwargs)
  File "F:\python\virtual\django_meiduo\lib\site-packages\rest_framework\views.py", line 483, in dispatch
    response = self.handle_exception(exc)
  File "F:\python\virtual\django_meiduo\lib\site-packages\rest_framework\views.py", line 443, in handle_exception
    self.raise_uncaught_exception(exc)
  File "F:\python\virtual\django_meiduo\lib\site-packages\rest_framework\views.py", line 480, in dispatch
    response = handler(request, *args, **kwargs)
  File "F:\python\workspace\meiduo_project\meiduo_mall\meiduo_mall\apps\users\views.py", line 80, in get
    access_token = user.generate_send_sms_token()
  File "F:\python\workspace\meiduo_project\meiduo_mall\meiduo_mall\apps\users\models.py", line 24, in generate_send_sms_token
    serializer = TJWSSerializer(settings.SECRET_KEY, expires_in=constants.SEND_SMS_TOKEN_EXPIRES)
NameError: name 'constants' is not defined
ERROR 2019-10-18 17:43:39,115 basehttp 124 "GET /accounts/18882028307/sms/token/?text=lxae&image_code_id=a2641817-a204-4cc8-98af-8a0c286a914c HTTP/1.1" 500 19395
INFO 2019-10-18 17:56:19,337 basehttp 124 "GET /image_codes/81e4dab5-c78d-41f8-aa1c-eda261662b32/ HTTP/1.1" 200 2978
INFO 2019-10-18 17:56:27,160 basehttp 124 "GET /accounts/18882028307/sms/token/?text=frmr&image_code_id=81e4dab5-c78d-41f8-aa1c-eda261662b32 HTTP/1.1" 200 185
WARNING 2019-10-18 17:56:31,222 log 228 Not Found: /sms_codes/
WARNING 2019-10-18 17:56:31,223 basehttp 124 "GET /sms_codes/?access_token=eyJhbGciOiJIUzI1NiIsImlhdCI6MTU3MTM5MjU4NywiZXhwIjoxNTcxMzkyODg3fQ.eyJtb2JpbGUiOiIxODg4MjAyODMwNyJ9.radOIecJJofhzYkPaUTsMyHyis6MIPXVQ61Cl2SFj9I HTTP/1.1" 404 3398
